{"/home/travis/build/npmtest/node-npmtest-howler/test.js":{"path":"/home/travis/build/npmtest/node-npmtest-howler/test.js","s":{"1":2,"2":2,"3":2,"4":2,"5":2,"6":2,"7":2,"8":1,"9":2,"10":2,"11":1,"12":1,"13":1,"14":1,"15":2,"16":2,"17":2,"18":2,"19":1,"20":1,"21":2,"22":2,"23":2,"24":1,"25":1,"26":1,"27":1,"28":1,"29":1,"30":1,"31":1,"32":1,"33":1,"34":1,"35":1,"36":1,"37":1,"38":1,"39":2,"40":2,"41":1,"42":2,"43":2,"44":1,"45":2,"46":2,"47":1,"48":2,"49":2,"50":1,"51":1,"52":1,"53":1,"54":1},"b":{"1":[2,1,1,1],"2":[1,1,1,1],"3":[1,1],"4":[1,1],"5":[1,1],"6":[1,1],"7":[1,1],"8":[1,1],"9":[1,1],"10":[1,1,1],"11":[1,1],"12":[1,1],"13":[1,1],"14":[1,1],"15":[1,1],"16":[1,1],"17":[1,1]},"f":{"1":2,"2":2,"3":2,"4":2,"5":2,"6":1,"7":1,"8":1,"9":2,"10":2,"11":2,"12":2,"13":1},"fnMap":{"1":{"name":"(anonymous_1)","line":12,"loc":{"start":{"line":12,"column":1},"end":{"line":12,"column":13}}},"2":{"name":"(anonymous_2)","line":19,"loc":{"start":{"line":19,"column":5},"end":{"line":19,"column":17}}},"3":{"name":"(anonymous_3)","line":23,"loc":{"start":{"line":23,"column":24},"end":{"line":23,"column":36}}},"4":{"name":"(anonymous_4)","line":61,"loc":{"start":{"line":61,"column":5},"end":{"line":61,"column":17}}},"5":{"name":"(anonymous_5)","line":82,"loc":{"start":{"line":82,"column":5},"end":{"line":82,"column":17}}},"6":{"name":"(anonymous_6)","line":91,"loc":{"start":{"line":91,"column":77},"end":{"line":94,"column":10}}},"7":{"name":"(anonymous_7)","line":112,"loc":{"start":{"line":112,"column":83},"end":{"line":115,"column":10}},"skip":true},"8":{"name":"(anonymous_8)","line":123,"loc":{"start":{"line":123,"column":77},"end":{"line":126,"column":10}},"skip":true},"9":{"name":"(anonymous_9)","line":139,"loc":{"start":{"line":139,"column":12},"end":{"line":139,"column":40}},"skip":true},"10":{"name":"(anonymous_10)","line":147,"loc":{"start":{"line":147,"column":77},"end":{"line":150,"column":10}},"skip":true},"11":{"name":"(anonymous_11)","line":158,"loc":{"start":{"line":158,"column":83},"end":{"line":161,"column":10}},"skip":true},"12":{"name":"(anonymous_12)","line":169,"loc":{"start":{"line":169,"column":79},"end":{"line":172,"column":10}},"skip":true},"13":{"name":"(anonymous_13)","line":180,"loc":{"start":{"line":180,"column":75},"end":{"line":183,"column":10}},"skip":true}},"statementMap":{"1":{"start":{"line":12,"column":0},"end":{"line":195,"column":5}},"2":{"start":{"line":14,"column":4},"end":{"line":14,"column":14}},"3":{"start":{"line":19,"column":4},"end":{"line":56,"column":9}},"4":{"start":{"line":21,"column":8},"end":{"line":21,"column":19}},"5":{"start":{"line":23,"column":8},"end":{"line":35,"column":13}},"6":{"start":{"line":24,"column":12},"end":{"line":34,"column":13}},"7":{"start":{"line":25,"column":16},"end":{"line":28,"column":30}},"8":{"start":{"line":30,"column":16},"end":{"line":33,"column":27}},"9":{"start":{"line":37,"column":8},"end":{"line":39,"column":21}},"10":{"start":{"line":40,"column":8},"end":{"line":53,"column":9}},"11":{"start":{"line":43,"column":12},"end":{"line":46,"column":14}},"12":{"start":{"line":47,"column":12},"end":{"line":47,"column":18}},"13":{"start":{"line":50,"column":12},"end":{"line":51,"column":46}},"14":{"start":{"line":52,"column":12},"end":{"line":52,"column":18}},"15":{"start":{"line":55,"column":8},"end":{"line":55,"column":35}},"16":{"start":{"line":61,"column":4},"end":{"line":63,"column":9}},"17":{"start":{"line":62,"column":8},"end":{"line":62,"column":15}},"18":{"start":{"line":64,"column":4},"end":{"line":77,"column":5}},"19":{"start":{"line":70,"column":8},"end":{"line":70,"column":14}},"20":{"start":{"line":76,"column":8},"end":{"line":76,"column":14}},"21":{"start":{"line":82,"column":4},"end":{"line":84,"column":9}},"22":{"start":{"line":83,"column":8},"end":{"line":83,"column":15}},"23":{"start":{"line":85,"column":4},"end":{"line":194,"column":5}},"24":{"start":{"line":91,"column":8},"end":{"line":99,"column":10}},"25":{"start":{"line":98,"column":12},"end":{"line":98,"column":35}},"26":{"start":{"line":102,"column":8},"end":{"line":104,"column":63}},"27":{"start":{"line":105,"column":8},"end":{"line":105,"column":14}},"28":{"start":{"line":112,"column":8},"end":{"line":121,"column":10},"skip":true},"29":{"start":{"line":119,"column":12},"end":{"line":119,"column":55},"skip":true},"30":{"start":{"line":120,"column":12},"end":{"line":120,"column":48},"skip":true},"31":{"start":{"line":123,"column":8},"end":{"line":136,"column":10},"skip":true},"32":{"start":{"line":130,"column":12},"end":{"line":130,"column":76},"skip":true},"33":{"start":{"line":131,"column":12},"end":{"line":131,"column":73},"skip":true},"34":{"start":{"line":132,"column":12},"end":{"line":132,"column":74},"skip":true},"35":{"start":{"line":133,"column":12},"end":{"line":133,"column":79},"skip":true},"36":{"start":{"line":134,"column":12},"end":{"line":134,"column":25},"skip":true},"37":{"start":{"line":135,"column":12},"end":{"line":135,"column":45},"skip":true},"38":{"start":{"line":138,"column":8},"end":{"line":145,"column":14},"skip":true},"39":{"start":{"line":143,"column":16},"end":{"line":143,"column":29},"skip":true},"40":{"start":{"line":144,"column":16},"end":{"line":144,"column":55},"skip":true},"41":{"start":{"line":147,"column":8},"end":{"line":156,"column":10},"skip":true},"42":{"start":{"line":154,"column":12},"end":{"line":154,"column":25},"skip":true},"43":{"start":{"line":155,"column":12},"end":{"line":155,"column":45},"skip":true},"44":{"start":{"line":158,"column":8},"end":{"line":167,"column":10},"skip":true},"45":{"start":{"line":165,"column":12},"end":{"line":165,"column":25},"skip":true},"46":{"start":{"line":166,"column":12},"end":{"line":166,"column":48},"skip":true},"47":{"start":{"line":169,"column":8},"end":{"line":178,"column":10},"skip":true},"48":{"start":{"line":176,"column":12},"end":{"line":176,"column":25},"skip":true},"49":{"start":{"line":177,"column":12},"end":{"line":177,"column":46},"skip":true},"50":{"start":{"line":180,"column":8},"end":{"line":189,"column":10},"skip":true},"51":{"start":{"line":187,"column":12},"end":{"line":187,"column":94},"skip":true},"52":{"start":{"line":188,"column":12},"end":{"line":188,"column":48},"skip":true},"53":{"start":{"line":192,"column":8},"end":{"line":192,"column":35},"skip":true},"54":{"start":{"line":193,"column":8},"end":{"line":193,"column":14},"skip":true}},"branchMap":{"1":{"line":25,"type":"binary-expr","locations":[{"start":{"line":25,"column":23},"end":{"line":25,"column":62}},{"start":{"line":26,"column":20},"end":{"line":26,"column":70}},{"start":{"line":27,"column":20},"end":{"line":27,"column":71}},{"start":{"line":28,"column":20},"end":{"line":28,"column":29}}]},"2":{"line":30,"type":"binary-expr","locations":[{"start":{"line":30,"column":23},"end":{"line":30,"column":37}},{"start":{"line":31,"column":20},"end":{"line":31,"column":61}},{"start":{"line":32,"column":20},"end":{"line":32,"column":70}},{"start":{"line":33,"column":20},"end":{"line":33,"column":26}}]},"3":{"line":37,"type":"cond-expr","locations":[{"start":{"line":38,"column":14},"end":{"line":38,"column":20}},{"start":{"line":39,"column":14},"end":{"line":39,"column":20}}]},"4":{"line":40,"type":"switch","locations":[{"start":{"line":42,"column":8},"end":{"line":47,"column":18}},{"start":{"line":49,"column":8},"end":{"line":52,"column":18}}]},"5":{"line":44,"type":"binary-expr","locations":[{"start":{"line":44,"column":16},"end":{"line":44,"column":44}},{"start":{"line":44,"column":48},"end":{"line":44,"column":66}}]},"6":{"line":50,"type":"binary-expr","locations":[{"start":{"line":50,"column":21},"end":{"line":50,"column":49}},{"start":{"line":50,"column":53},"end":{"line":50,"column":72}}]},"7":{"line":64,"type":"switch","locations":[{"start":{"line":69,"column":4},"end":{"line":70,"column":14}},{"start":{"line":75,"column":4},"end":{"line":76,"column":14}}]},"8":{"line":85,"type":"switch","locations":[{"start":{"line":90,"column":4},"end":{"line":105,"column":14}},{"start":{"line":111,"column":4},"end":{"line":193,"column":14},"skip":true}]},"9":{"line":91,"type":"binary-expr","locations":[{"start":{"line":91,"column":42},"end":{"line":91,"column":73}},{"start":{"line":91,"column":77},"end":{"line":99,"column":9}}]},"10":{"line":102,"type":"binary-expr","locations":[{"start":{"line":102,"column":18},"end":{"line":102,"column":32}},{"start":{"line":103,"column":12},"end":{"line":103,"column":53}},{"start":{"line":104,"column":12},"end":{"line":104,"column":61}}]},"11":{"line":112,"type":"binary-expr","locations":[{"start":{"line":112,"column":45},"end":{"line":112,"column":79},"skip":true},{"start":{"line":112,"column":83},"end":{"line":121,"column":9},"skip":true}]},"12":{"line":123,"type":"binary-expr","locations":[{"start":{"line":123,"column":42},"end":{"line":123,"column":73},"skip":true},{"start":{"line":123,"column":77},"end":{"line":136,"column":9},"skip":true}]},"13":{"line":138,"type":"binary-expr","locations":[{"start":{"line":138,"column":48},"end":{"line":138,"column":85},"skip":true},{"start":{"line":139,"column":12},"end":{"line":145,"column":13},"skip":true}]},"14":{"line":147,"type":"binary-expr","locations":[{"start":{"line":147,"column":42},"end":{"line":147,"column":73},"skip":true},{"start":{"line":147,"column":77},"end":{"line":156,"column":9},"skip":true}]},"15":{"line":158,"type":"binary-expr","locations":[{"start":{"line":158,"column":45},"end":{"line":158,"column":79},"skip":true},{"start":{"line":158,"column":83},"end":{"line":167,"column":9},"skip":true}]},"16":{"line":169,"type":"binary-expr","locations":[{"start":{"line":169,"column":43},"end":{"line":169,"column":75},"skip":true},{"start":{"line":169,"column":79},"end":{"line":178,"column":9},"skip":true}]},"17":{"line":180,"type":"binary-expr","locations":[{"start":{"line":180,"column":41},"end":{"line":180,"column":71},"skip":true},{"start":{"line":180,"column":75},"end":{"line":189,"column":9},"skip":true}]}},"code":["/* istanbul instrument in package npmtest_howler */","/*jslint","    bitwise: true,","    browser: true,","    maxerr: 8,","    maxlen: 96,","    node: true,","    nomen: true,","    regexp: true,","    stupid: true","*/","(function () {","    'use strict';","    var local;","","","","    // run shared js-env code - pre-init","    (function () {","        // init local","        local = {};","        // init modeJs","        local.modeJs = (function () {","            try {","                return typeof navigator.userAgent === 'string' &&","                    typeof document.querySelector('body') === 'object' &&","                    typeof XMLHttpRequest.prototype.open === 'function' &&","                    'browser';","            } catch (errorCaughtBrowser) {","                return module.exports &&","                    typeof process.versions.node === 'string' &&","                    typeof require('http').createServer === 'function' &&","                    'node';","            }","        }());","        // init global","        local.global = local.modeJs === 'browser'","            ? window","            : global;","        switch (local.modeJs) {","        // re-init local from window.local","        case 'browser':","            local = local.global.utility2.objectSetDefault(","                local.global.utility2_rollup || local.global.local,","                local.global.utility2","            );","            break;","        // re-init local from example.js","        case 'node':","            local = (local.global.utility2_rollup || require('utility2'))","                .requireExampleJsFromReadme();","            break;","        }","        // export local","        local.global.local = local;","    }());","","","","    // run shared js-env code - function","    (function () {","        return;","    }());","    switch (local.modeJs) {","","","","    // run browser js-env code - function","    case 'browser':","        break;","","","","    // run node js-env code - function","    case 'node':","        break;","    }","","","","    // run shared js-env code - post-init","    (function () {","        return;","    }());","    switch (local.modeJs) {","","","","    // run browser js-env code - post-init","    case 'browser':","        local.testCase_browser_nullCase = local.testCase_browser_nullCase || function (","            options,","            onError","        ) {","        /*","         * this function will test browsers's null-case handling-behavior-behavior","         */","            onError(null, options);","        };","","        // run tests","        local.nop(local.modeTest &&","            document.querySelector('#testRunButton1') &&","            document.querySelector('#testRunButton1').click());","        break;","","","","    // run node js-env code - post-init","    /* istanbul ignore next */","    case 'node':","        local.testCase_buildApidoc_default = local.testCase_buildApidoc_default || function (","            options,","            onError","        ) {","        /*","         * this function will test buildApidoc's default handling-behavior-behavior","         */","            options = { modulePathList: module.paths };","            local.buildApidoc(options, onError);","        };","","        local.testCase_buildApp_default = local.testCase_buildApp_default || function (","            options,","            onError","        ) {","        /*","         * this function will test buildApp's default handling-behavior-behavior","         */","            local.testCase_buildReadme_default(options, local.onErrorThrow);","            local.testCase_buildLib_default(options, local.onErrorThrow);","            local.testCase_buildTest_default(options, local.onErrorThrow);","            local.testCase_buildCustomOrg_default(options, local.onErrorThrow);","            options = [];","            local.buildApp(options, onError);","        };","","        local.testCase_buildCustomOrg_default = local.testCase_buildCustomOrg_default ||","            function (options, onError) {","            /*","             * this function will test buildCustomOrg's default handling-behavior","             */","                options = {};","                local.buildCustomOrg(options, onError);","            };","","        local.testCase_buildLib_default = local.testCase_buildLib_default || function (","            options,","            onError","        ) {","        /*","         * this function will test buildLib's default handling-behavior","         */","            options = {};","            local.buildLib(options, onError);","        };","","        local.testCase_buildReadme_default = local.testCase_buildReadme_default || function (","            options,","            onError","        ) {","        /*","         * this function will test buildReadme's default handling-behavior-behavior","         */","            options = {};","            local.buildReadme(options, onError);","        };","","        local.testCase_buildTest_default = local.testCase_buildTest_default || function (","            options,","            onError","        ) {","        /*","         * this function will test buildTest's default handling-behavior","         */","            options = {};","            local.buildTest(options, onError);","        };","","        local.testCase_webpage_default = local.testCase_webpage_default || function (","            options,","            onError","        ) {","        /*","         * this function will test webpage's default handling-behavior","         */","            options = { modeCoverageMerge: true, url: local.serverLocalHost + '?modeTest=1' };","            local.browserTest(options, onError);","        };","","        // run test-server","        local.testRunServer(local);","        break;","    }","}());",""],"l":{"12":2,"14":2,"19":2,"21":2,"23":2,"24":2,"25":2,"30":1,"37":2,"40":2,"43":1,"47":1,"50":1,"52":1,"55":2,"61":2,"62":2,"64":2,"70":1,"76":1,"82":2,"83":2,"85":2,"91":1,"98":1,"102":1,"105":1,"112":1,"119":1,"120":1,"123":1,"130":1,"131":1,"132":1,"133":1,"134":1,"135":1,"138":1,"143":2,"144":2,"147":1,"154":2,"155":2,"158":1,"165":2,"166":2,"169":1,"176":2,"177":2,"180":1,"187":1,"188":1,"192":1,"193":1}},"/home/travis/build/npmtest/node-npmtest-howler/lib.npmtest_howler.js":{"path":"/home/travis/build/npmtest/node-npmtest-howler/lib.npmtest_howler.js","s":{"1":2,"2":2,"3":2,"4":2,"5":2,"6":2,"7":2,"8":1,"9":2,"10":2,"11":2,"12":2,"13":1,"14":1,"15":1,"16":1},"b":{"1":[2,1,1,1],"2":[1,1,1,1],"3":[1,1],"4":[2,2],"5":[1,1]},"f":{"1":2,"2":2,"3":2},"fnMap":{"1":{"name":"(anonymous_1)","line":12,"loc":{"start":{"line":12,"column":1},"end":{"line":12,"column":13}}},"2":{"name":"(anonymous_2)","line":19,"loc":{"start":{"line":19,"column":5},"end":{"line":19,"column":17}}},"3":{"name":"(anonymous_3)","line":23,"loc":{"start":{"line":23,"column":24},"end":{"line":23,"column":36}}}},"statementMap":{"1":{"start":{"line":12,"column":0},"end":{"line":53,"column":5}},"2":{"start":{"line":14,"column":4},"end":{"line":14,"column":14}},"3":{"start":{"line":19,"column":4},"end":{"line":52,"column":9}},"4":{"start":{"line":21,"column":8},"end":{"line":21,"column":19}},"5":{"start":{"line":23,"column":8},"end":{"line":35,"column":13}},"6":{"start":{"line":24,"column":12},"end":{"line":34,"column":13}},"7":{"start":{"line":25,"column":16},"end":{"line":28,"column":30}},"8":{"start":{"line":30,"column":16},"end":{"line":33,"column":27}},"9":{"start":{"line":37,"column":8},"end":{"line":39,"column":21}},"10":{"start":{"line":41,"column":8},"end":{"line":41,"column":54}},"11":{"start":{"line":43,"column":8},"end":{"line":43,"column":51}},"12":{"start":{"line":45,"column":8},"end":{"line":51,"column":9}},"13":{"start":{"line":46,"column":12},"end":{"line":46,"column":57}},"14":{"start":{"line":48,"column":12},"end":{"line":48,"column":35}},"15":{"start":{"line":49,"column":12},"end":{"line":49,"column":49}},"16":{"start":{"line":50,"column":12},"end":{"line":50,"column":43}}},"branchMap":{"1":{"line":25,"type":"binary-expr","locations":[{"start":{"line":25,"column":23},"end":{"line":25,"column":62}},{"start":{"line":26,"column":20},"end":{"line":26,"column":70}},{"start":{"line":27,"column":20},"end":{"line":27,"column":71}},{"start":{"line":28,"column":20},"end":{"line":28,"column":29}}]},"2":{"line":30,"type":"binary-expr","locations":[{"start":{"line":30,"column":23},"end":{"line":30,"column":37}},{"start":{"line":31,"column":20},"end":{"line":31,"column":61}},{"start":{"line":32,"column":20},"end":{"line":32,"column":70}},{"start":{"line":33,"column":20},"end":{"line":33,"column":26}}]},"3":{"line":37,"type":"cond-expr","locations":[{"start":{"line":38,"column":14},"end":{"line":38,"column":20}},{"start":{"line":39,"column":14},"end":{"line":39,"column":20}}]},"4":{"line":41,"type":"binary-expr","locations":[{"start":{"line":41,"column":16},"end":{"line":41,"column":44}},{"start":{"line":41,"column":48},"end":{"line":41,"column":53}}]},"5":{"line":45,"type":"if","locations":[{"start":{"line":45,"column":8},"end":{"line":45,"column":8}},{"start":{"line":45,"column":8},"end":{"line":45,"column":8}}]}},"code":["/* istanbul instrument in package npmtest_howler */","/*jslint","    bitwise: true,","    browser: true,","    maxerr: 8,","    maxlen: 96,","    node: true,","    nomen: true,","    regexp: true,","    stupid: true","*/","(function () {","    'use strict';","    var local;","","","","    // run shared js-env code - pre-init","    (function () {","        // init local","        local = {};","        // init modeJs","        local.modeJs = (function () {","            try {","                return typeof navigator.userAgent === 'string' &&","                    typeof document.querySelector('body') === 'object' &&","                    typeof XMLHttpRequest.prototype.open === 'function' &&","                    'browser';","            } catch (errorCaughtBrowser) {","                return module.exports &&","                    typeof process.versions.node === 'string' &&","                    typeof require('http').createServer === 'function' &&","                    'node';","            }","        }());","        // init global","        local.global = local.modeJs === 'browser'","            ? window","            : global;","        // init utility2_rollup","        local = local.global.utility2_rollup || local;","        // init lib","        local.local = local.npmtest_howler = local;","        // init exports","        if (local.modeJs === 'browser') {","            local.global.utility2_npmtest_howler = local;","        } else {","            module.exports = local;","            module.exports.__dirname = __dirname;","            module.exports.module = module;","        }","    }());","}());",""],"l":{"12":2,"14":2,"19":2,"21":2,"23":2,"24":2,"25":2,"30":1,"37":2,"41":2,"43":2,"45":2,"46":1,"48":1,"49":1,"50":1}},"/home/travis/build/npmtest/node-npmtest-howler/example.js":{"path":"/home/travis/build/npmtest/node-npmtest-howler/example.js","s":{"1":2,"2":2,"3":2,"4":2,"5":2,"6":2,"7":2,"8":1,"9":2,"10":2,"11":2,"12":2,"13":1,"14":2,"15":2,"16":2,"17":2,"18":2,"19":0,"20":2,"21":1,"22":1,"23":1,"24":1,"25":1,"26":0,"27":0,"28":1,"29":1,"30":2,"31":0,"32":0,"33":0,"34":1,"35":2,"36":2,"37":3,"38":3,"39":3,"40":3,"41":0,"42":3,"43":3,"44":3,"45":1,"46":3,"47":1,"48":1,"49":1,"50":1,"51":1,"52":1,"53":1,"54":1,"55":1,"56":1,"57":0,"58":1,"59":6,"60":6,"61":1,"62":2,"63":0,"64":2,"65":1,"66":1,"67":0,"68":0,"69":0,"70":0,"71":0,"72":0,"73":0,"74":0,"75":0,"76":0,"77":0,"78":0,"79":0,"80":0,"81":0,"82":0,"83":0},"b":{"1":[2,1,1,1],"2":[1,1,1,1],"3":[1,1],"4":[2,2],"5":[1,1],"6":[1,1],"7":[2,0],"8":[2,1,1,1,1,1],"9":[0,2,0],"10":[1,1],"11":[2,1,1],"12":[1,0],"13":[0,2],"14":[2,0,0,0,0,0,0],"15":[0,3],"16":[3,0],"17":[1,1],"18":[0,1],"19":[1,2,0,2],"20":[1,0],"21":[1,1],"22":[0,0],"23":[0,0],"24":[0,0],"25":[0,0],"26":[0,0],"27":[0,0],"28":[0,0]},"f":{"1":2,"2":2,"3":2,"4":2,"5":2,"6":2,"7":3,"8":3,"9":3,"10":1,"11":6,"12":0},"fnMap":{"1":{"name":"(anonymous_1)","line":26,"loc":{"start":{"line":26,"column":1},"end":{"line":26,"column":13}}},"2":{"name":"(anonymous_2)","line":33,"loc":{"start":{"line":33,"column":5},"end":{"line":33,"column":17}}},"3":{"name":"(anonymous_3)","line":37,"loc":{"start":{"line":37,"column":24},"end":{"line":37,"column":36}}},"4":{"name":"(anonymous_4)","line":69,"loc":{"start":{"line":69,"column":31},"end":{"line":69,"column":48}},"skip":true},"5":{"name":"(anonymous_5)","line":78,"loc":{"start":{"line":78,"column":26},"end":{"line":78,"column":45}},"skip":true},"6":{"name":"(anonymous_6)","line":123,"loc":{"start":{"line":123,"column":33},"end":{"line":123,"column":48}},"skip":true},"7":{"name":"(anonymous_7)","line":125,"loc":{"start":{"line":125,"column":27},"end":{"line":125,"column":39}},"skip":true},"8":{"name":"(anonymous_8)","line":133,"loc":{"start":{"line":133,"column":59},"end":{"line":133,"column":74}},"skip":true},"9":{"name":"(anonymous_9)","line":143,"loc":{"start":{"line":143,"column":45},"end":{"line":143,"column":62}},"skip":true},"10":{"name":"(anonymous_10)","line":144,"loc":{"start":{"line":144,"column":73},"end":{"line":144,"column":92}},"skip":true},"11":{"name":"(anonymous_11)","line":272,"loc":{"start":{"line":272,"column":51},"end":{"line":272,"column":77}},"skip":true},"12":{"name":"(anonymous_12)","line":315,"loc":{"start":{"line":315,"column":32},"end":{"line":315,"column":61}},"skip":true}},"statementMap":{"1":{"start":{"line":26,"column":0},"end":{"line":326,"column":5}},"2":{"start":{"line":28,"column":4},"end":{"line":28,"column":14}},"3":{"start":{"line":33,"column":4},"end":{"line":60,"column":9}},"4":{"start":{"line":35,"column":8},"end":{"line":35,"column":19}},"5":{"start":{"line":37,"column":8},"end":{"line":49,"column":13}},"6":{"start":{"line":38,"column":12},"end":{"line":48,"column":13}},"7":{"start":{"line":39,"column":16},"end":{"line":42,"column":30}},"8":{"start":{"line":44,"column":16},"end":{"line":47,"column":27}},"9":{"start":{"line":51,"column":8},"end":{"line":53,"column":21}},"10":{"start":{"line":55,"column":8},"end":{"line":57,"column":45}},"11":{"start":{"line":59,"column":8},"end":{"line":59,"column":35}},"12":{"start":{"line":61,"column":4},"end":{"line":325,"column":5}},"13":{"start":{"line":69,"column":8},"end":{"line":121,"column":10},"skip":true},"14":{"start":{"line":70,"column":12},"end":{"line":88,"column":13},"skip":true},"15":{"start":{"line":76,"column":16},"end":{"line":87,"column":19},"skip":true},"16":{"start":{"line":79,"column":20},"end":{"line":86,"column":21},"skip":true},"17":{"start":{"line":82,"column":24},"end":{"line":82,"column":43},"skip":true},"18":{"start":{"line":83,"column":24},"end":{"line":83,"column":30},"skip":true},"19":{"start":{"line":85,"column":24},"end":{"line":85,"column":49},"skip":true},"20":{"start":{"line":89,"column":12},"end":{"line":107,"column":13},"skip":true},"21":{"start":{"line":92,"column":16},"end":{"line":102,"column":17},"skip":true},"22":{"start":{"line":93,"column":20},"end":{"line":93,"column":86},"skip":true},"23":{"start":{"line":94,"column":20},"end":{"line":95,"column":45},"skip":true},"24":{"start":{"line":96,"column":20},"end":{"line":96,"column":42},"skip":true},"25":{"start":{"line":97,"column":20},"end":{"line":97,"column":48},"skip":true},"26":{"start":{"line":100,"column":20},"end":{"line":100,"column":85},"skip":true},"27":{"start":{"line":101,"column":20},"end":{"line":101,"column":96},"skip":true},"28":{"start":{"line":103,"column":16},"end":{"line":103,"column":22},"skip":true},"29":{"start":{"line":106,"column":16},"end":{"line":106,"column":22},"skip":true},"30":{"start":{"line":108,"column":12},"end":{"line":120,"column":13},"skip":true},"31":{"start":{"line":114,"column":16},"end":{"line":119,"column":17},"skip":true},"32":{"start":{"line":116,"column":20},"end":{"line":116,"column":78},"skip":true},"33":{"start":{"line":118,"column":20},"end":{"line":118,"column":47},"skip":true},"34":{"start":{"line":123,"column":8},"end":{"line":141,"column":11},"skip":true},"35":{"start":{"line":124,"column":12},"end":{"line":124,"column":54},"skip":true},"36":{"start":{"line":125,"column":12},"end":{"line":140,"column":14},"skip":true},"37":{"start":{"line":126,"column":16},"end":{"line":126,"column":28},"skip":true},"38":{"start":{"line":127,"column":16},"end":{"line":127,"column":69},"skip":true},"39":{"start":{"line":128,"column":16},"end":{"line":128,"column":75},"skip":true},"40":{"start":{"line":129,"column":16},"end":{"line":131,"column":17},"skip":true},"41":{"start":{"line":130,"column":20},"end":{"line":130,"column":27},"skip":true},"42":{"start":{"line":133,"column":16},"end":{"line":137,"column":36},"skip":true},"43":{"start":{"line":134,"column":20},"end":{"line":136,"column":55},"skip":true},"44":{"start":{"line":139,"column":16},"end":{"line":139,"column":57},"skip":true},"45":{"start":{"line":143,"column":8},"end":{"line":147,"column":11},"skip":true},"46":{"start":{"line":144,"column":12},"end":{"line":146,"column":15},"skip":true},"47":{"start":{"line":145,"column":16},"end":{"line":145,"column":70},"skip":true},"48":{"start":{"line":149,"column":8},"end":{"line":149,"column":31},"skip":true},"49":{"start":{"line":150,"column":8},"end":{"line":150,"column":14},"skip":true},"50":{"start":{"line":158,"column":8},"end":{"line":158,"column":31},"skip":true},"51":{"start":{"line":160,"column":8},"end":{"line":160,"column":33},"skip":true},"52":{"start":{"line":161,"column":8},"end":{"line":161,"column":37},"skip":true},"53":{"start":{"line":162,"column":8},"end":{"line":162,"column":35},"skip":true},"54":{"start":{"line":164,"column":8},"end":{"line":164,"column":50},"skip":true},"55":{"start":{"line":166,"column":8},"end":{"line":256,"column":2},"skip":true},"56":{"start":{"line":258,"column":8},"end":{"line":286,"column":9},"skip":true},"57":{"start":{"line":259,"column":12},"end":{"line":269,"column":14},"skip":true},"58":{"start":{"line":271,"column":12},"end":{"line":285,"column":19},"skip":true},"59":{"start":{"line":274,"column":20},"end":{"line":274,"column":35},"skip":true},"60":{"start":{"line":275,"column":20},"end":{"line":284,"column":21},"skip":true},"61":{"start":{"line":277,"column":24},"end":{"line":277,"column":64},"skip":true},"62":{"start":{"line":279,"column":24},"end":{"line":279,"column":40},"skip":true},"63":{"start":{"line":281,"column":24},"end":{"line":281,"column":40},"skip":true},"64":{"start":{"line":283,"column":24},"end":{"line":283,"column":39},"skip":true},"65":{"start":{"line":288,"column":8},"end":{"line":290,"column":9},"skip":true},"66":{"start":{"line":289,"column":12},"end":{"line":289,"column":18},"skip":true},"67":{"start":{"line":291,"column":8},"end":{"line":293,"column":54},"skip":true},"68":{"start":{"line":296,"column":8},"end":{"line":301,"column":37},"skip":true},"69":{"start":{"line":303,"column":8},"end":{"line":303,"column":82},"skip":true},"70":{"start":{"line":306,"column":8},"end":{"line":308,"column":9},"skip":true},"71":{"start":{"line":307,"column":12},"end":{"line":307,"column":82},"skip":true},"72":{"start":{"line":310,"column":8},"end":{"line":312,"column":9},"skip":true},"73":{"start":{"line":311,"column":12},"end":{"line":311,"column":18},"skip":true},"74":{"start":{"line":313,"column":8},"end":{"line":313,"column":54},"skip":true},"75":{"start":{"line":314,"column":8},"end":{"line":314,"column":69},"skip":true},"76":{"start":{"line":315,"column":8},"end":{"line":323,"column":36},"skip":true},"77":{"start":{"line":316,"column":12},"end":{"line":316,"column":61},"skip":true},"78":{"start":{"line":317,"column":12},"end":{"line":320,"column":13},"skip":true},"79":{"start":{"line":318,"column":16},"end":{"line":318,"column":75},"skip":true},"80":{"start":{"line":319,"column":16},"end":{"line":319,"column":23},"skip":true},"81":{"start":{"line":321,"column":12},"end":{"line":321,"column":38},"skip":true},"82":{"start":{"line":322,"column":12},"end":{"line":322,"column":27},"skip":true},"83":{"start":{"line":324,"column":8},"end":{"line":324,"column":14},"skip":true}},"branchMap":{"1":{"line":39,"type":"binary-expr","locations":[{"start":{"line":39,"column":23},"end":{"line":39,"column":62}},{"start":{"line":40,"column":20},"end":{"line":40,"column":70}},{"start":{"line":41,"column":20},"end":{"line":41,"column":71}},{"start":{"line":42,"column":20},"end":{"line":42,"column":29}}]},"2":{"line":44,"type":"binary-expr","locations":[{"start":{"line":44,"column":23},"end":{"line":44,"column":37}},{"start":{"line":45,"column":20},"end":{"line":45,"column":61}},{"start":{"line":46,"column":20},"end":{"line":46,"column":70}},{"start":{"line":47,"column":20},"end":{"line":47,"column":26}}]},"3":{"line":51,"type":"cond-expr","locations":[{"start":{"line":52,"column":14},"end":{"line":52,"column":20}},{"start":{"line":53,"column":14},"end":{"line":53,"column":20}}]},"4":{"line":55,"type":"binary-expr","locations":[{"start":{"line":55,"column":16},"end":{"line":55,"column":44}},{"start":{"line":55,"column":49},"end":{"line":57,"column":43}}]},"5":{"line":55,"type":"cond-expr","locations":[{"start":{"line":56,"column":14},"end":{"line":56,"column":50}},{"start":{"line":57,"column":14},"end":{"line":57,"column":43}}]},"6":{"line":61,"type":"switch","locations":[{"start":{"line":68,"column":4},"end":{"line":150,"column":14},"skip":true},{"start":{"line":156,"column":4},"end":{"line":324,"column":14},"skip":true}]},"7":{"line":70,"type":"if","locations":[{"start":{"line":70,"column":12},"end":{"line":70,"column":12},"skip":true},{"start":{"line":70,"column":12},"end":{"line":70,"column":12},"skip":true}]},"8":{"line":70,"type":"binary-expr","locations":[{"start":{"line":70,"column":16},"end":{"line":70,"column":22},"skip":true},{"start":{"line":70,"column":27},"end":{"line":70,"column":32},"skip":true},{"start":{"line":71,"column":20},"end":{"line":71,"column":39},"skip":true},{"start":{"line":72,"column":20},"end":{"line":72,"column":49},"skip":true},{"start":{"line":73,"column":20},"end":{"line":73,"column":58},"skip":true},{"start":{"line":74,"column":20},"end":{"line":74,"column":69},"skip":true}]},"9":{"line":79,"type":"switch","locations":[{"start":{"line":80,"column":20},"end":{"line":80,"column":33},"skip":true},{"start":{"line":81,"column":20},"end":{"line":83,"column":30},"skip":true},{"start":{"line":84,"column":20},"end":{"line":85,"column":49},"skip":true}]},"10":{"line":89,"type":"switch","locations":[{"start":{"line":90,"column":12},"end":{"line":103,"column":22},"skip":true},{"start":{"line":105,"column":12},"end":{"line":106,"column":22},"skip":true}]},"11":{"line":89,"type":"binary-expr","locations":[{"start":{"line":89,"column":20},"end":{"line":89,"column":25},"skip":true},{"start":{"line":89,"column":29},"end":{"line":89,"column":48},"skip":true},{"start":{"line":89,"column":52},"end":{"line":89,"column":74},"skip":true}]},"12":{"line":92,"type":"if","locations":[{"start":{"line":92,"column":16},"end":{"line":92,"column":16},"skip":true},{"start":{"line":92,"column":16},"end":{"line":92,"column":16},"skip":true}]},"13":{"line":108,"type":"if","locations":[{"start":{"line":108,"column":12},"end":{"line":108,"column":12},"skip":true},{"start":{"line":108,"column":12},"end":{"line":108,"column":12},"skip":true}]},"14":{"line":108,"type":"binary-expr","locations":[{"start":{"line":108,"column":16},"end":{"line":108,"column":61},"skip":true},{"start":{"line":108,"column":66},"end":{"line":108,"column":72},"skip":true},{"start":{"line":108,"column":77},"end":{"line":108,"column":82},"skip":true},{"start":{"line":109,"column":20},"end":{"line":109,"column":39},"skip":true},{"start":{"line":110,"column":20},"end":{"line":110,"column":49},"skip":true},{"start":{"line":111,"column":20},"end":{"line":111,"column":58},"skip":true},{"start":{"line":112,"column":20},"end":{"line":112,"column":68},"skip":true}]},"15":{"line":129,"type":"if","locations":[{"start":{"line":129,"column":16},"end":{"line":129,"column":16},"skip":true},{"start":{"line":129,"column":16},"end":{"line":129,"column":16},"skip":true}]},"16":{"line":134,"type":"cond-expr","locations":[{"start":{"line":135,"column":26},"end":{"line":135,"column":29},"skip":true},{"start":{"line":136,"column":26},"end":{"line":136,"column":54},"skip":true}]},"17":{"line":164,"type":"binary-expr","locations":[{"start":{"line":164,"column":27},"end":{"line":164,"column":43},"skip":true},{"start":{"line":164,"column":47},"end":{"line":164,"column":49},"skip":true}]},"18":{"line":258,"type":"if","locations":[{"start":{"line":258,"column":8},"end":{"line":258,"column":8},"skip":true},{"start":{"line":258,"column":8},"end":{"line":258,"column":8},"skip":true}]},"19":{"line":275,"type":"switch","locations":[{"start":{"line":276,"column":20},"end":{"line":277,"column":64},"skip":true},{"start":{"line":278,"column":20},"end":{"line":279,"column":40},"skip":true},{"start":{"line":280,"column":20},"end":{"line":281,"column":40},"skip":true},{"start":{"line":282,"column":20},"end":{"line":283,"column":39},"skip":true}]},"20":{"line":288,"type":"if","locations":[{"start":{"line":288,"column":8},"end":{"line":288,"column":8},"skip":true},{"start":{"line":288,"column":8},"end":{"line":288,"column":8},"skip":true}]},"21":{"line":288,"type":"binary-expr","locations":[{"start":{"line":288,"column":12},"end":{"line":288,"column":40},"skip":true},{"start":{"line":288,"column":44},"end":{"line":288,"column":67},"skip":true}]},"22":{"line":292,"type":"binary-expr","locations":[{"start":{"line":292,"column":12},"end":{"line":292,"column":50},"skip":true},{"start":{"line":293,"column":12},"end":{"line":293,"column":53},"skip":true}]},"23":{"line":297,"type":"binary-expr","locations":[{"start":{"line":297,"column":12},"end":{"line":297,"column":64},"skip":true},{"start":{"line":298,"column":12},"end":{"line":301,"column":36},"skip":true}]},"24":{"line":303,"type":"binary-expr","locations":[{"start":{"line":303,"column":43},"end":{"line":303,"column":75},"skip":true},{"start":{"line":303,"column":79},"end":{"line":303,"column":81},"skip":true}]},"25":{"line":306,"type":"if","locations":[{"start":{"line":306,"column":8},"end":{"line":306,"column":8},"skip":true},{"start":{"line":306,"column":8},"end":{"line":306,"column":8},"skip":true}]},"26":{"line":310,"type":"if","locations":[{"start":{"line":310,"column":8},"end":{"line":310,"column":8},"skip":true},{"start":{"line":310,"column":8},"end":{"line":310,"column":8},"skip":true}]},"27":{"line":313,"type":"binary-expr","locations":[{"start":{"line":313,"column":27},"end":{"line":313,"column":43},"skip":true},{"start":{"line":313,"column":47},"end":{"line":313,"column":53},"skip":true}]},"28":{"line":317,"type":"if","locations":[{"start":{"line":317,"column":12},"end":{"line":317,"column":12},"skip":true},{"start":{"line":317,"column":12},"end":{"line":317,"column":12},"skip":true}]}},"code":["/*","example.js","","quickstart example","","instruction","    1. save this script as example.js","    2. run the shell command:","        $ npm install npmtest-howler && PORT=8081 node example.js","    3. play with the browser-demo on http://127.0.0.1:8081","*/","","","","/* istanbul instrument in package npmtest_howler */","/*jslint","    bitwise: true,","    browser: true,","    maxerr: 8,","    maxlen: 96,","    node: true,","    nomen: true,","    regexp: true,","    stupid: true","*/","(function () {","    'use strict';","    var local;","","","","    // run shared js-env code - pre-init","    (function () {","        // init local","        local = {};","        // init modeJs","        local.modeJs = (function () {","            try {","                return typeof navigator.userAgent === 'string' &&","                    typeof document.querySelector('body') === 'object' &&","                    typeof XMLHttpRequest.prototype.open === 'function' &&","                    'browser';","            } catch (errorCaughtBrowser) {","                return module.exports &&","                    typeof process.versions.node === 'string' &&","                    typeof require('http').createServer === 'function' &&","                    'node';","            }","        }());","        // init global","        local.global = local.modeJs === 'browser'","            ? window","            : global;","        // init utility2_rollup","        local = local.global.utility2_rollup || (local.modeJs === 'browser'","            ? local.global.utility2_npmtest_howler","            : global.utility2_moduleExports);","        // export local","        local.global.local = local;","    }());","    switch (local.modeJs) {","","","","    // post-init","    // run browser js-env code - post-init","    /* istanbul ignore next */","    case 'browser':","        local.testRunBrowser = function (event) {","            if (!event || (event &&","                    event.currentTarget &&","                    event.currentTarget.className &&","                    event.currentTarget.className.includes &&","                    event.currentTarget.className.includes('onreset'))) {","                // reset output","                Array.from(","                    document.querySelectorAll('body > .resettable')","                ).forEach(function (element) {","                    switch (element.tagName) {","                    case 'INPUT':","                    case 'TEXTAREA':","                        element.value = '';","                        break;","                    default:","                        element.textContent = '';","                    }","                });","            }","            switch (event && event.currentTarget && event.currentTarget.id) {","            case 'testRunButton1':","                // show tests","                if (document.querySelector('#testReportDiv1').style.display === 'none') {","                    document.querySelector('#testReportDiv1').style.display = 'block';","                    document.querySelector('#testRunButton1').textContent =","                        'hide internal test';","                    local.modeTest = true;","                    local.testRunDefault(local);","                // hide tests","                } else {","                    document.querySelector('#testReportDiv1').style.display = 'none';","                    document.querySelector('#testRunButton1').textContent = 'run internal test';","                }","                break;","            // custom-case","            default:","                break;","            }","            if (document.querySelector('#inputTextareaEval1') && (!event || (event &&","                    event.currentTarget &&","                    event.currentTarget.className &&","                    event.currentTarget.className.includes &&","                    event.currentTarget.className.includes('oneval')))) {","                // try to eval input-code","                try {","                    /*jslint evil: true*/","                    eval(document.querySelector('#inputTextareaEval1').value);","                } catch (errorCaught) {","                    console.error(errorCaught);","                }","            }","        };","        // log stderr and stdout to #outputTextareaStdout1","        ['error', 'log'].forEach(function (key) {","            console[key + '_original'] = console[key];","            console[key] = function () {","                var element;","                console[key + '_original'].apply(console, arguments);","                element = document.querySelector('#outputTextareaStdout1');","                if (!element) {","                    return;","                }","                // append text to #outputTextareaStdout1","                element.value += Array.from(arguments).map(function (arg) {","                    return typeof arg === 'string'","                        ? arg","                        : JSON.stringify(arg, null, 4);","                }).join(' ') + '\\n';","                // scroll textarea to bottom","                element.scrollTop = element.scrollHeight;","            };","        });","        // init event-handling","        ['change', 'click', 'keyup'].forEach(function (event) {","            Array.from(document.querySelectorAll('.on' + event)).forEach(function (element) {","                element.addEventListener(event, local.testRunBrowser);","            });","        });","        // run tests","        local.testRunBrowser();","        break;","","","","    // run node js-env code - post-init","    /* istanbul ignore next */","    case 'node':","        // export local","        module.exports = local;","        // require modules","        local.fs = require('fs');","        local.http = require('http');","        local.url = require('url');","        // init assets","        local.assetsDict = local.assetsDict || {};","        /* jslint-ignore-begin */","        local.assetsDict['/assets.index.template.html'] = '\\","<!doctype html>\\n\\","<html lang=\"en\">\\n\\","<head>\\n\\","<meta charset=\"UTF-8\">\\n\\","<meta name=\"viewport\" content=\"width=device-width, initial-scale=1\">\\n\\","<title>{{env.npm_package_name}} (v{{env.npm_package_version}})</title>\\n\\","<style>\\n\\","/*csslint\\n\\","    box-sizing: false,\\n\\","    universal-selector: false\\n\\","*/\\n\\","* {\\n\\","    box-sizing: border-box;\\n\\","}\\n\\","body {\\n\\","    background: #dde;\\n\\","    font-family: Arial, Helvetica, sans-serif;\\n\\","    margin: 2rem;\\n\\","}\\n\\","body > * {\\n\\","    margin-bottom: 1rem;\\n\\","}\\n\\",".utility2FooterDiv {\\n\\","    margin-top: 20px;\\n\\","    text-align: center;\\n\\","}\\n\\","</style>\\n\\","<style>\\n\\","/*csslint\\n\\","*/\\n\\","textarea {\\n\\","    font-family: monospace;\\n\\","    height: 10rem;\\n\\","    width: 100%;\\n\\","}\\n\\","textarea[readonly] {\\n\\","    background: #ddd;\\n\\","}\\n\\","</style>\\n\\","</head>\\n\\","<body>\\n\\","<!-- utility2-comment\\n\\","<div id=\"ajaxProgressDiv1\" style=\"background: #d00; height: 2px; left: 0; margin: 0; padding: 0; position: fixed; top: 0; transition: background 0.5s, width 1.5s; width: 25%;\"></div>\\n\\","utility2-comment -->\\n\\","<h1>\\n\\","<!-- utility2-comment\\n\\","    <a\\n\\","        {{#if env.npm_package_homepage}}\\n\\","        href=\"{{env.npm_package_homepage}}\"\\n\\","        {{/if env.npm_package_homepage}}\\n\\","        target=\"_blank\"\\n\\","    >\\n\\","utility2-comment -->\\n\\","        {{env.npm_package_name}} (v{{env.npm_package_version}})\\n\\","<!-- utility2-comment\\n\\","    </a>\\n\\","utility2-comment -->\\n\\","</h1>\\n\\","<h3>{{env.npm_package_description}}</h3>\\n\\","<!-- utility2-comment\\n\\","<h4><a download href=\"assets.app.js\">download standalone app</a></h4>\\n\\","<button class=\"onclick onreset\" id=\"testRunButton1\">run internal test</button><br>\\n\\","<div id=\"testReportDiv1\" style=\"display: none;\"></div>\\n\\","utility2-comment -->\\n\\","\\n\\","\\n\\","\\n\\","<label>stderr and stdout</label>\\n\\","<textarea class=\"resettable\" id=\"outputTextareaStdout1\" readonly></textarea>\\n\\","<!-- utility2-comment\\n\\","{{#if isRollup}}\\n\\","<script src=\"assets.app.js\"></script>\\n\\","{{#unless isRollup}}\\n\\","utility2-comment -->\\n\\","<script src=\"assets.utility2.rollup.js\"></script>\\n\\","<script src=\"jsonp.utility2._stateInit?callback=window.utility2._stateInit\"></script>\\n\\","<script src=\"assets.npmtest_howler.rollup.js\"></script>\\n\\","<script src=\"assets.example.js\"></script>\\n\\","<script src=\"assets.test.js\"></script>\\n\\","<!-- utility2-comment\\n\\","{{/if isRollup}}\\n\\","utility2-comment -->\\n\\","<div class=\"utility2FooterDiv\">\\n\\","    [ this app was created with\\n\\","    <a href=\"https://github.com/kaizhu256/node-utility2\" target=\"_blank\">utility2</a>\\n\\","    ]\\n\\","</div>\\n\\","</body>\\n\\","</html>\\n\\","';","        /* jslint-ignore-end */","        if (local.templateRender) {","            local.assetsDict['/'] = local.templateRender(","                local.assetsDict['/assets.index.template.html'],","                {","                    env: local.objectSetDefault(local.env, {","                        npm_package_description: 'the greatest app in the world!',","                        npm_package_name: 'my-app',","                        npm_package_nameAlias: 'my_app',","                        npm_package_version: '0.0.1'","                    })","                }","            );","        } else {","            local.assetsDict['/'] = local.assetsDict['/assets.index.template.html']","                .replace((/\\{\\{env\\.(\\w+?)\\}\\}/g), function (match0, match1) {","                    // jslint-hack","                    String(match0);","                    switch (match1) {","                    case 'npm_package_description':","                        return 'the greatest app in the world!';","                    case 'npm_package_name':","                        return 'my-app';","                    case 'npm_package_nameAlias':","                        return 'my_app';","                    case 'npm_package_version':","                        return '0.0.1';","                    }","                });","        }","        // run the cli","        if (local.global.utility2_rollup || module !== require.main) {","            break;","        }","        local.assetsDict['/assets.example.js'] =","            local.assetsDict['/assets.example.js'] ||","            local.fs.readFileSync(__filename, 'utf8');","        // bug-workaround - long $npm_package_buildCustomOrg","        /* jslint-ignore-begin */","        local.assetsDict['/assets.npmtest_howler.rollup.js'] =","            local.assetsDict['/assets.npmtest_howler.rollup.js'] ||","            local.fs.readFileSync(","                local.npmtest_howler.__dirname + '/lib.npmtest_howler.js',","                'utf8'","            ).replace((/^#!/), '//');","        /* jslint-ignore-end */","        local.assetsDict['/favicon.ico'] = local.assetsDict['/favicon.ico'] || '';","        // if $npm_config_timeout_exit exists,","        // then exit this process after $npm_config_timeout_exit ms","        if (Number(process.env.npm_config_timeout_exit)) {","            setTimeout(process.exit, Number(process.env.npm_config_timeout_exit));","        }","        // start server","        if (local.global.utility2_serverHttp1) {","            break;","        }","        process.env.PORT = process.env.PORT || '8081';","        console.error('server starting on port ' + process.env.PORT);","        local.http.createServer(function (request, response) {","            request.urlParsed = local.url.parse(request.url);","            if (local.assetsDict[request.urlParsed.pathname] !== undefined) {","                response.end(local.assetsDict[request.urlParsed.pathname]);","                return;","            }","            response.statusCode = 404;","            response.end();","        }).listen(process.env.PORT);","        break;","    }","}());",""],"l":{"26":2,"28":2,"33":2,"35":2,"37":2,"38":2,"39":2,"44":1,"51":2,"55":2,"59":2,"61":2,"69":1,"70":2,"76":2,"79":2,"82":2,"83":2,"85":1,"89":2,"92":1,"93":1,"94":1,"96":1,"97":1,"100":1,"101":1,"103":1,"106":1,"108":2,"114":1,"116":1,"118":1,"123":1,"124":2,"125":2,"126":3,"127":3,"128":3,"129":3,"130":1,"133":3,"134":3,"139":3,"143":1,"144":3,"145":1,"149":1,"150":1,"158":1,"160":1,"161":1,"162":1,"164":1,"166":1,"258":1,"259":1,"271":1,"274":6,"275":6,"277":1,"279":2,"281":1,"283":2,"288":1,"289":1,"291":1,"296":1,"303":1,"306":1,"307":1,"310":1,"311":1,"313":1,"314":1,"315":1,"316":1,"317":1,"318":1,"319":1,"321":1,"322":1,"324":1}},"/home/travis/build/npmtest/node-npmtest-howler/node_modules/howler/dist/howler.js":{"path":"/home/travis/build/npmtest/node-npmtest-howler/node_modules/howler/dist/howler.js","s":{"1":1,"2":1,"3":1,"4":1,"5":1,"6":1,"7":1,"8":1,"9":1,"10":1,"11":1,"12":1,"13":1,"14":1,"15":1,"16":1,"17":1,"18":1,"19":1,"20":1,"21":0,"22":0,"23":0,"24":0,"25":0,"26":0,"27":0,"28":0,"29":0,"30":0,"31":0,"32":0,"33":0,"34":0,"35":0,"36":0,"37":0,"38":0,"39":0,"40":0,"41":0,"42":0,"43":0,"44":0,"45":0,"46":0,"47":0,"48":0,"49":0,"50":0,"51":0,"52":0,"53":0,"54":0,"55":0,"56":0,"57":0,"58":0,"59":0,"60":0,"61":0,"62":0,"63":1,"64":1,"65":1,"66":1,"67":0,"68":0,"69":0,"70":0,"71":0,"72":0,"73":0,"74":1,"75":1,"76":0,"77":0,"78":1,"79":1,"80":1,"81":1,"82":1,"83":1,"84":1,"85":0,"86":1,"87":1,"88":0,"89":0,"90":0,"91":0,"92":0,"93":0,"94":0,"95":0,"96":0,"97":0,"98":0,"99":0,"100":0,"101":0,"102":0,"103":0,"104":0,"105":0,"106":0,"107":0,"108":0,"109":0,"110":0,"111":0,"112":0,"113":0,"114":0,"115":0,"116":0,"117":1,"118":1,"119":1,"120":0,"121":0,"122":0,"123":0,"124":0,"125":0,"126":0,"127":0,"128":0,"129":0,"130":0,"131":0,"132":0,"133":0,"134":0,"135":0,"136":0,"137":0,"138":0,"139":0,"140":0,"141":0,"142":0,"143":0,"144":0,"145":0,"146":0,"147":0,"148":0,"149":0,"150":0,"151":0,"152":0,"153":0,"154":0,"155":0,"156":1,"157":1,"158":0,"159":0,"160":0,"161":0,"162":0,"163":1,"164":0,"165":0,"166":0,"167":0,"168":0,"169":0,"170":0,"171":0,"172":0,"173":0,"174":0,"175":0,"176":0,"177":0,"178":0,"179":0,"180":0,"181":0,"182":0,"183":0,"184":0,"185":0,"186":0,"187":0,"188":0,"189":0,"190":0,"191":0,"192":0,"193":0,"194":0,"195":0,"196":0,"197":0,"198":0,"199":0,"200":0,"201":0,"202":0,"203":0,"204":0,"205":0,"206":0,"207":0,"208":0,"209":0,"210":0,"211":0,"212":0,"213":0,"214":0,"215":0,"216":0,"217":0,"218":0,"219":0,"220":0,"221":0,"222":0,"223":0,"224":0,"225":0,"226":0,"227":0,"228":0,"229":0,"230":0,"231":0,"232":0,"233":0,"234":0,"235":0,"236":0,"237":0,"238":0,"239":0,"240":0,"241":0,"242":0,"243":0,"244":0,"245":0,"246":0,"247":0,"248":0,"249":0,"250":0,"251":0,"252":0,"253":0,"254":0,"255":0,"256":0,"257":0,"258":0,"259":0,"260":0,"261":0,"262":0,"263":0,"264":0,"265":0,"266":0,"267":0,"268":0,"269":0,"270":0,"271":0,"272":0,"273":0,"274":0,"275":0,"276":0,"277":0,"278":0,"279":0,"280":0,"281":0,"282":0,"283":0,"284":0,"285":0,"286":0,"287":0,"288":0,"289":0,"290":0,"291":0,"292":0,"293":0,"294":0,"295":0,"296":0,"297":0,"298":0,"299":0,"300":0,"301":0,"302":0,"303":0,"304":0,"305":0,"306":0,"307":0,"308":0,"309":0,"310":0,"311":0,"312":0,"313":0,"314":0,"315":0,"316":0,"317":0,"318":0,"319":0,"320":0,"321":0,"322":0,"323":0,"324":0,"325":0,"326":0,"327":0,"328":0,"329":0,"330":0,"331":0,"332":0,"333":0,"334":0,"335":0,"336":0,"337":0,"338":0,"339":0,"340":0,"341":0,"342":0,"343":0,"344":0,"345":0,"346":0,"347":0,"348":0,"349":0,"350":0,"351":0,"352":0,"353":0,"354":0,"355":0,"356":0,"357":0,"358":0,"359":0,"360":0,"361":0,"362":0,"363":0,"364":0,"365":0,"366":0,"367":0,"368":0,"369":0,"370":0,"371":0,"372":0,"373":0,"374":0,"375":0,"376":0,"377":0,"378":0,"379":0,"380":0,"381":0,"382":0,"383":0,"384":0,"385":0,"386":0,"387":0,"388":0,"389":0,"390":0,"391":0,"392":0,"393":0,"394":0,"395":0,"396":0,"397":0,"398":0,"399":0,"400":0,"401":0,"402":0,"403":0,"404":0,"405":0,"406":0,"407":0,"408":0,"409":0,"410":0,"411":0,"412":0,"413":0,"414":0,"415":0,"416":0,"417":0,"418":0,"419":0,"420":0,"421":0,"422":0,"423":0,"424":0,"425":0,"426":0,"427":0,"428":0,"429":0,"430":0,"431":0,"432":0,"433":0,"434":0,"435":0,"436":0,"437":0,"438":0,"439":0,"440":0,"441":0,"442":0,"443":0,"444":0,"445":0,"446":0,"447":0,"448":0,"449":0,"450":0,"451":0,"452":0,"453":0,"454":0,"455":0,"456":0,"457":0,"458":0,"459":0,"460":0,"461":0,"462":0,"463":0,"464":0,"465":0,"466":0,"467":0,"468":0,"469":0,"470":0,"471":0,"472":0,"473":0,"474":0,"475":0,"476":0,"477":0,"478":0,"479":0,"480":0,"481":0,"482":0,"483":0,"484":0,"485":0,"486":0,"487":0,"488":0,"489":0,"490":0,"491":0,"492":0,"493":0,"494":0,"495":0,"496":0,"497":0,"498":0,"499":0,"500":0,"501":0,"502":0,"503":0,"504":0,"505":0,"506":0,"507":0,"508":0,"509":0,"510":0,"511":0,"512":0,"513":0,"514":0,"515":0,"516":0,"517":0,"518":0,"519":0,"520":0,"521":0,"522":0,"523":0,"524":0,"525":0,"526":0,"527":0,"528":0,"529":0,"530":0,"531":0,"532":0,"533":0,"534":0,"535":0,"536":0,"537":0,"538":0,"539":0,"540":0,"541":0,"542":0,"543":0,"544":0,"545":0,"546":0,"547":0,"548":0,"549":0,"550":0,"551":0,"552":0,"553":0,"554":0,"555":0,"556":0,"557":0,"558":0,"559":0,"560":0,"561":0,"562":0,"563":0,"564":0,"565":0,"566":0,"567":0,"568":0,"569":0,"570":0,"571":0,"572":0,"573":0,"574":0,"575":0,"576":0,"577":0,"578":0,"579":0,"580":0,"581":0,"582":0,"583":0,"584":0,"585":0,"586":0,"587":0,"588":0,"589":0,"590":0,"591":0,"592":0,"593":0,"594":0,"595":0,"596":0,"597":0,"598":0,"599":0,"600":0,"601":0,"602":0,"603":0,"604":0,"605":0,"606":0,"607":0,"608":0,"609":0,"610":0,"611":0,"612":0,"613":0,"614":0,"615":0,"616":0,"617":0,"618":0,"619":0,"620":0,"621":0,"622":0,"623":0,"624":0,"625":0,"626":0,"627":0,"628":0,"629":0,"630":0,"631":0,"632":0,"633":0,"634":0,"635":0,"636":0,"637":0,"638":0,"639":0,"640":0,"641":0,"642":0,"643":0,"644":0,"645":0,"646":0,"647":0,"648":0,"649":0,"650":0,"651":0,"652":0,"653":0,"654":0,"655":0,"656":0,"657":0,"658":0,"659":0,"660":0,"661":0,"662":0,"663":0,"664":0,"665":0,"666":0,"667":0,"668":0,"669":0,"670":0,"671":0,"672":0,"673":0,"674":0,"675":0,"676":0,"677":0,"678":0,"679":0,"680":0,"681":0,"682":0,"683":0,"684":0,"685":0,"686":0,"687":0,"688":0,"689":0,"690":0,"691":0,"692":0,"693":0,"694":0,"695":0,"696":0,"697":0,"698":0,"699":0,"700":0,"701":0,"702":0,"703":0,"704":0,"705":0,"706":0,"707":0,"708":0,"709":0,"710":0,"711":0,"712":0,"713":0,"714":0,"715":0,"716":0,"717":0,"718":0,"719":0,"720":0,"721":0,"722":0,"723":0,"724":0,"725":0,"726":0,"727":0,"728":0,"729":0,"730":0,"731":0,"732":0,"733":0,"734":0,"735":0,"736":0,"737":0,"738":0,"739":0,"740":0,"741":0,"742":0,"743":0,"744":0,"745":0,"746":0,"747":0,"748":0,"749":0,"750":0,"751":0,"752":0,"753":0,"754":0,"755":0,"756":0,"757":0,"758":0,"759":0,"760":0,"761":0,"762":0,"763":0,"764":0,"765":0,"766":1,"767":0,"768":0,"769":1,"770":0,"771":0,"772":0,"773":0,"774":0,"775":0,"776":0,"777":0,"778":0,"779":0,"780":0,"781":0,"782":0,"783":0,"784":0,"785":0,"786":0,"787":0,"788":0,"789":0,"790":0,"791":0,"792":0,"793":0,"794":0,"795":0,"796":0,"797":0,"798":0,"799":0,"800":0,"801":0,"802":0,"803":0,"804":0,"805":0,"806":0,"807":0,"808":0,"809":0,"810":0,"811":0,"812":0,"813":0,"814":0,"815":0,"816":0,"817":0,"818":0,"819":0,"820":0,"821":0,"822":0,"823":0,"824":0,"825":0,"826":0,"827":0,"828":0,"829":0,"830":1,"831":1,"832":0,"833":0,"834":0,"835":0,"836":0,"837":0,"838":0,"839":0,"840":0,"841":0,"842":0,"843":0,"844":0,"845":0,"846":0,"847":0,"848":0,"849":0,"850":0,"851":0,"852":0,"853":0,"854":0,"855":0,"856":0,"857":0,"858":0,"859":0,"860":1,"861":0,"862":0,"863":0,"864":1,"865":0,"866":0,"867":0,"868":0,"869":0,"870":1,"871":0,"872":0,"873":0,"874":0,"875":0,"876":0,"877":0,"878":0,"879":1,"880":0,"881":0,"882":0,"883":0,"884":0,"885":0,"886":0,"887":0,"888":0,"889":0,"890":0,"891":0,"892":0,"893":0,"894":0,"895":0,"896":0,"897":0,"898":0,"899":1,"900":0,"901":0,"902":1,"903":1,"904":1,"905":1,"906":0,"907":0,"908":0,"909":0,"910":1,"911":1,"912":1,"913":1,"914":1,"915":1,"916":1,"917":1,"918":1,"919":0,"920":0,"921":0,"922":0,"923":0,"924":0,"925":1,"926":0,"927":0,"928":0,"929":0,"930":0,"931":0,"932":0,"933":0,"934":0,"935":0,"936":1,"937":0,"938":0,"939":0,"940":0,"941":0,"942":0,"943":0,"944":0,"945":0,"946":0,"947":0,"948":0,"949":0,"950":0,"951":1,"952":1,"953":0,"954":0,"955":0,"956":0,"957":0,"958":0,"959":0,"960":0,"961":0,"962":1,"963":0,"964":0,"965":0,"966":0,"967":0,"968":0,"969":0,"970":0,"971":0,"972":0,"973":0,"974":0,"975":0,"976":0,"977":0,"978":0,"979":0,"980":0,"981":0,"982":0,"983":0,"984":0,"985":0,"986":0,"987":0,"988":0,"989":0,"990":0,"991":0,"992":0,"993":1,"994":0,"995":0,"996":0,"997":0,"998":0,"999":0,"1000":0,"1001":0,"1002":0,"1003":0,"1004":0,"1005":0,"1006":0,"1007":0,"1008":0,"1009":0,"1010":0,"1011":0,"1012":0,"1013":0,"1014":0,"1015":0,"1016":0,"1017":0,"1018":0,"1019":0,"1020":1,"1021":0,"1022":0,"1023":0,"1024":0,"1025":0,"1026":0,"1027":0,"1028":0,"1029":0,"1030":0,"1031":0,"1032":0,"1033":0,"1034":0,"1035":0,"1036":0,"1037":0,"1038":0,"1039":0,"1040":0,"1041":0,"1042":0,"1043":0,"1044":0,"1045":0,"1046":0,"1047":0,"1048":0,"1049":1,"1050":0,"1051":0,"1052":0,"1053":0,"1054":0,"1055":0,"1056":0,"1057":0,"1058":0,"1059":0,"1060":0,"1061":0,"1062":0,"1063":0,"1064":0,"1065":0,"1066":0,"1067":0,"1068":0,"1069":0,"1070":0,"1071":0,"1072":0,"1073":0,"1074":0,"1075":0,"1076":0,"1077":0,"1078":0,"1079":0,"1080":0,"1081":0,"1082":0,"1083":0,"1084":0,"1085":0,"1086":0,"1087":1,"1088":1,"1089":0,"1090":0,"1091":0,"1092":0,"1093":0,"1094":0,"1095":0,"1096":0,"1097":0,"1098":0,"1099":0,"1100":1,"1101":1,"1102":0,"1103":0,"1104":0,"1105":0,"1106":0,"1107":0,"1108":1,"1109":0,"1110":0,"1111":0,"1112":0,"1113":0,"1114":0,"1115":0,"1116":0,"1117":0,"1118":0,"1119":0,"1120":0,"1121":0,"1122":0,"1123":0,"1124":0,"1125":0,"1126":0},"b":{"1":[1,0],"2":[0,1],"3":[1,0],"4":[0,0],"5":[0,0],"6":[0,0],"7":[0,0,0],"8":[0,0],"9":[0,0],"10":[0,0],"11":[0,0],"12":[0,0],"13":[0,0],"14":[0,0],"15":[0,0],"16":[0,0],"17":[0,0],"18":[0,0],"19":[0,0],"20":[0,0],"21":[0,0],"22":[0,0],"23":[0,0,0],"24":[0,0],"25":[1,0],"26":[0,1],"27":[0,0],"28":[0,1],"29":[0,0],"30":[0,0],"31":[0,0],"32":[1,0],"33":[1,0],"34":[0,1],"35":[1,0],"36":[1,0],"37":[0,0],"38":[0,0],"39":[0,0,0],"40":[0,0,0],"41":[0,0,0],"42":[0,0],"43":[0,0],"44":[0,0],"45":[0,0,0,0,0],"46":[0,0],"47":[0,0,0,0],"48":[0,0],"49":[0,0],"50":[0,0],"51":[1,0],"52":[1,1,0,0],"53":[0,0],"54":[0,0],"55":[0,0],"56":[0,0],"57":[0,0],"58":[0,0],"59":[0,0,0],"60":[0,0],"61":[0,0],"62":[0,0],"63":[0,0],"64":[0,0],"65":[0,0],"66":[0,0],"67":[0,0],"68":[0,0],"69":[0,0],"70":[0,0],"71":[0,0],"72":[0,0],"73":[0,0],"74":[0,0],"75":[0,0],"76":[0,0],"77":[0,0],"78":[0,0],"79":[0,0],"80":[0,0],"81":[0,0],"82":[0,0],"83":[0,0],"84":[0,0],"85":[0,0],"86":[0,0],"87":[0,0],"88":[0,0],"89":[0,0],"90":[0,0],"91":[0,0],"92":[0,0,0],"93":[0,0],"94":[0,0],"95":[0,0],"96":[0,0],"97":[0,0],"98":[0,0],"99":[0,0],"100":[0,0],"101":[0,0],"102":[0,0],"103":[0,0],"104":[0,0],"105":[0,0],"106":[0,0],"107":[0,0],"108":[0,0],"109":[0,0],"110":[0,0],"111":[0,0,0],"112":[0,0],"113":[0,0],"114":[0,0],"115":[0,0],"116":[0,0],"117":[0,0],"118":[0,0],"119":[0,0],"120":[0,0],"121":[0,0],"122":[0,0],"123":[0,0],"124":[0,0],"125":[0,0],"126":[0,0],"127":[0,0],"128":[0,0],"129":[0,0],"130":[0,0],"131":[0,0],"132":[0,0],"133":[0,0],"134":[0,0],"135":[0,0],"136":[0,0],"137":[0,0],"138":[0,0],"139":[0,0],"140":[0,0],"141":[0,0],"142":[0,0],"143":[0,0,0,0],"144":[0,0],"145":[0,0],"146":[0,0,0,0,0],"147":[0,0],"148":[0,0],"149":[0,0],"150":[0,0],"151":[0,0],"152":[0,0],"153":[0,0],"154":[0,0],"155":[0,0],"156":[0,0],"157":[0,0],"158":[0,0],"159":[0,0],"160":[0,0],"161":[0,0],"162":[0,0],"163":[0,0],"164":[0,0],"165":[0,0],"166":[0,0],"167":[0,0],"168":[0,0],"169":[0,0],"170":[0,0],"171":[0,0],"172":[0,0],"173":[0,0],"174":[0,0],"175":[0,0],"176":[0,0],"177":[0,0],"178":[0,0],"179":[0,0],"180":[0,0],"181":[0,0],"182":[0,0],"183":[0,0],"184":[0,0,0],"185":[0,0],"186":[0,0],"187":[0,0],"188":[0,0,0],"189":[0,0],"190":[0,0],"191":[0,0],"192":[0,0],"193":[0,0],"194":[0,0,0],"195":[0,0],"196":[0,0],"197":[0,0],"198":[0,0],"199":[0,0],"200":[0,0],"201":[0,0],"202":[0,0],"203":[0,0],"204":[0,0],"205":[0,0],"206":[0,0],"207":[0,0],"208":[0,0],"209":[0,0],"210":[0,0],"211":[0,0],"212":[0,0,0,0],"213":[0,0],"214":[0,0],"215":[0,0],"216":[0,0],"217":[0,0],"218":[0,0],"219":[0,0],"220":[0,0],"221":[0,0],"222":[0,0],"223":[0,0,0],"224":[0,0],"225":[0,0],"226":[0,0],"227":[0,0],"228":[0,0],"229":[0,0],"230":[0,0],"231":[0,0],"232":[0,0],"233":[0,0],"234":[0,0],"235":[0,0],"236":[0,0,0],"237":[0,0],"238":[0,0],"239":[0,0],"240":[0,0],"241":[0,0],"242":[0,0],"243":[0,0],"244":[0,0],"245":[0,0],"246":[0,0],"247":[0,0],"248":[0,0],"249":[0,0],"250":[0,0],"251":[0,0],"252":[0,0],"253":[0,0],"254":[0,0],"255":[0,0],"256":[0,0],"257":[0,0],"258":[0,0],"259":[0,0],"260":[0,0],"261":[0,0],"262":[0,0],"263":[0,0],"264":[0,0],"265":[0,0],"266":[0,0],"267":[0,0],"268":[0,0],"269":[0,0],"270":[0,0],"271":[0,0],"272":[0,0],"273":[0,0],"274":[0,0],"275":[0,0],"276":[0,0,0],"277":[0,0],"278":[0,0],"279":[0,0],"280":[0,0],"281":[0,0],"282":[0,0],"283":[0,0],"284":[0,0],"285":[0,0],"286":[0,0],"287":[0,0],"288":[0,0],"289":[0,0],"290":[0,0],"291":[0,0],"292":[0,0],"293":[0,0],"294":[0,0],"295":[0,0],"296":[0,0],"297":[0,0],"298":[0,0],"299":[0,0],"300":[0,0],"301":[0,0],"302":[0,0],"303":[0,0],"304":[0,0],"305":[0,0,0],"306":[0,0],"307":[0,0],"308":[0,0],"309":[0,0],"310":[0,0],"311":[0,0],"312":[0,0],"313":[0,0],"314":[0,0,0],"315":[0,0],"316":[0,0],"317":[0,0],"318":[0,0],"319":[0,0],"320":[0,0],"321":[0,0],"322":[0,0],"323":[0,0],"324":[0,0],"325":[0,0],"326":[0,0],"327":[0,0],"328":[0,0,0],"329":[0,0],"330":[0,0],"331":[0,0,0,0,0,0],"332":[0,0],"333":[0,0],"334":[0,1],"335":[1,0],"336":[1,0],"337":[0,1],"338":[1,0],"339":[0,0],"340":[0,0],"341":[0,0],"342":[0,0],"343":[0,0],"344":[0,0],"345":[0,0],"346":[0,0],"347":[0,0],"348":[0,0],"349":[0,0],"350":[0,0],"351":[0,0],"352":[0,0],"353":[0,0],"354":[0,0],"355":[0,0],"356":[0,0],"357":[0,0],"358":[0,0],"359":[0,0],"360":[0,0],"361":[0,0],"362":[0,0],"363":[0,0],"364":[0,0],"365":[0,0],"366":[0,0],"367":[0,0],"368":[0,0],"369":[0,0],"370":[0,0],"371":[0,0],"372":[0,0],"373":[0,0],"374":[0,0],"375":[0,0],"376":[0,0],"377":[0,0],"378":[0,0],"379":[0,0],"380":[0,0],"381":[0,0],"382":[0,0],"383":[0,0],"384":[0,0],"385":[0,0],"386":[0,0],"387":[0,0],"388":[0,0],"389":[0,0],"390":[0,0],"391":[0,0],"392":[0,0],"393":[0,0],"394":[0,0],"395":[0,0],"396":[0,0],"397":[0,0],"398":[0,0],"399":[0,0],"400":[0,0],"401":[0,0],"402":[0,0],"403":[0,0],"404":[0,0],"405":[0,0],"406":[0,0],"407":[0,0],"408":[0,0],"409":[0,0],"410":[0,0],"411":[0,0],"412":[0,0],"413":[0,0],"414":[0,0],"415":[0,0],"416":[0,0],"417":[0,0],"418":[0,0],"419":[0,0],"420":[0,0],"421":[0,0],"422":[0,0],"423":[0,0],"424":[0,0],"425":[0,0],"426":[0,0],"427":[0,0],"428":[0,0],"429":[0,0],"430":[0,0],"431":[0,0],"432":[0,0],"433":[0,0]},"f":{"1":1,"2":1,"3":1,"4":0,"5":0,"6":0,"7":0,"8":1,"9":1,"10":0,"11":0,"12":0,"13":1,"14":0,"15":0,"16":0,"17":0,"18":0,"19":0,"20":0,"21":0,"22":0,"23":0,"24":0,"25":0,"26":0,"27":0,"28":0,"29":0,"30":0,"31":0,"32":0,"33":0,"34":0,"35":0,"36":0,"37":0,"38":0,"39":0,"40":0,"41":0,"42":0,"43":0,"44":0,"45":0,"46":0,"47":0,"48":0,"49":0,"50":0,"51":0,"52":0,"53":0,"54":0,"55":0,"56":0,"57":0,"58":0,"59":0,"60":0,"61":0,"62":0,"63":0,"64":0,"65":0,"66":0,"67":0,"68":0,"69":0,"70":0,"71":0,"72":0,"73":0,"74":0,"75":0,"76":0,"77":0,"78":0,"79":0,"80":0,"81":1,"82":0,"83":0,"84":0,"85":1,"86":0,"87":0,"88":0,"89":0,"90":0,"91":0,"92":0,"93":0,"94":1,"95":0,"96":1,"97":0,"98":0},"fnMap":{"1":{"name":"(anonymous_1)","line":11,"loc":{"start":{"line":11,"column":1},"end":{"line":11,"column":12}}},"2":{"name":"(anonymous_2)","line":22,"loc":{"start":{"line":22,"column":21},"end":{"line":22,"column":32}}},"3":{"name":"(anonymous_3)","line":30,"loc":{"start":{"line":30,"column":10},"end":{"line":30,"column":21}}},"4":{"name":"(anonymous_4)","line":65,"loc":{"start":{"line":65,"column":12},"end":{"line":65,"column":26}}},"5":{"name":"(anonymous_5)","line":114,"loc":{"start":{"line":114,"column":10},"end":{"line":114,"column":26}}},"6":{"name":"(anonymous_6)","line":153,"loc":{"start":{"line":153,"column":12},"end":{"line":153,"column":23}}},"7":{"name":"(anonymous_7)","line":175,"loc":{"start":{"line":175,"column":12},"end":{"line":175,"column":26}}},"8":{"name":"(anonymous_8)","line":183,"loc":{"start":{"line":183,"column":12},"end":{"line":183,"column":23}}},"9":{"name":"(anonymous_9)","line":231,"loc":{"start":{"line":231,"column":18},"end":{"line":231,"column":29}}},"10":{"name":"(anonymous_10)","line":278,"loc":{"start":{"line":278,"column":24},"end":{"line":278,"column":35}}},"11":{"name":"(anonymous_11)","line":305,"loc":{"start":{"line":305,"column":19},"end":{"line":305,"column":30}}},"12":{"name":"(anonymous_12)","line":319,"loc":{"start":{"line":319,"column":25},"end":{"line":319,"column":36}}},"13":{"name":"(anonymous_13)","line":342,"loc":{"start":{"line":342,"column":18},"end":{"line":342,"column":29}}},"14":{"name":"(anonymous_14)","line":365,"loc":{"start":{"line":365,"column":38},"end":{"line":365,"column":49}}},"15":{"name":"(anonymous_15)","line":372,"loc":{"start":{"line":372,"column":32},"end":{"line":372,"column":43}}},"16":{"name":"(anonymous_16)","line":389,"loc":{"start":{"line":389,"column":17},"end":{"line":389,"column":28}}},"17":{"name":"(anonymous_17)","line":401,"loc":{"start":{"line":401,"column":31},"end":{"line":401,"column":42}}},"18":{"name":"(anonymous_18)","line":432,"loc":{"start":{"line":432,"column":13},"end":{"line":432,"column":25}}},"19":{"name":"(anonymous_19)","line":449,"loc":{"start":{"line":449,"column":10},"end":{"line":449,"column":22}}},"20":{"name":"(anonymous_20)","line":506,"loc":{"start":{"line":506,"column":18},"end":{"line":506,"column":29}}},"21":{"name":"(anonymous_21)","line":524,"loc":{"start":{"line":524,"column":10},"end":{"line":524,"column":21}}},"22":{"name":"(anonymous_22)","line":609,"loc":{"start":{"line":609,"column":10},"end":{"line":609,"column":37}}},"23":{"name":"(anonymous_23)","line":659,"loc":{"start":{"line":659,"column":18},"end":{"line":659,"column":29}}},"24":{"name":"(anonymous_24)","line":671,"loc":{"start":{"line":671,"column":21},"end":{"line":671,"column":32}}},"25":{"name":"(anonymous_25)","line":702,"loc":{"start":{"line":702,"column":27},"end":{"line":702,"column":38}}},"26":{"name":"(anonymous_26)","line":723,"loc":{"start":{"line":723,"column":23},"end":{"line":723,"column":34}}},"27":{"name":"(anonymous_27)","line":742,"loc":{"start":{"line":742,"column":24},"end":{"line":742,"column":35}}},"28":{"name":"(anonymous_28)","line":764,"loc":{"start":{"line":764,"column":25},"end":{"line":764,"column":36}}},"29":{"name":"(anonymous_29)","line":786,"loc":{"start":{"line":786,"column":11},"end":{"line":786,"column":24}}},"30":{"name":"(anonymous_30)","line":793,"loc":{"start":{"line":793,"column":18},"end":{"line":793,"column":29}}},"31":{"name":"(anonymous_31)","line":856,"loc":{"start":{"line":856,"column":10},"end":{"line":856,"column":33}}},"32":{"name":"(anonymous_32)","line":863,"loc":{"start":{"line":863,"column":18},"end":{"line":863,"column":29}}},"33":{"name":"(anonymous_33)","line":931,"loc":{"start":{"line":931,"column":10},"end":{"line":931,"column":30}}},"34":{"name":"(anonymous_34)","line":938,"loc":{"start":{"line":938,"column":18},"end":{"line":938,"column":29}}},"35":{"name":"(anonymous_35)","line":986,"loc":{"start":{"line":986,"column":12},"end":{"line":986,"column":23}}},"36":{"name":"(anonymous_36)","line":1016,"loc":{"start":{"line":1016,"column":20},"end":{"line":1016,"column":31}}},"37":{"name":"(anonymous_37)","line":1068,"loc":{"start":{"line":1068,"column":10},"end":{"line":1068,"column":38}}},"38":{"name":"(anonymous_38)","line":1085,"loc":{"start":{"line":1085,"column":18},"end":{"line":1085,"column":29}}},"39":{"name":"(anonymous_39)","line":1119,"loc":{"start":{"line":1119,"column":40},"end":{"line":1119,"column":65}}},"40":{"name":"(anonymous_40)","line":1163,"loc":{"start":{"line":1163,"column":15},"end":{"line":1163,"column":28}}},"41":{"name":"(anonymous_41)","line":1188,"loc":{"start":{"line":1188,"column":10},"end":{"line":1188,"column":21}}},"42":{"name":"(anonymous_42)","line":1239,"loc":{"start":{"line":1239,"column":10},"end":{"line":1239,"column":21}}},"43":{"name":"(anonymous_43)","line":1269,"loc":{"start":{"line":1269,"column":20},"end":{"line":1269,"column":31}}},"44":{"name":"(anonymous_44)","line":1332,"loc":{"start":{"line":1332,"column":10},"end":{"line":1332,"column":21}}},"45":{"name":"(anonymous_45)","line":1365,"loc":{"start":{"line":1365,"column":18},"end":{"line":1365,"column":29}}},"46":{"name":"(anonymous_46)","line":1419,"loc":{"start":{"line":1419,"column":13},"end":{"line":1419,"column":26}}},"47":{"name":"(anonymous_47)","line":1443,"loc":{"start":{"line":1443,"column":14},"end":{"line":1443,"column":27}}},"48":{"name":"(anonymous_48)","line":1460,"loc":{"start":{"line":1460,"column":11},"end":{"line":1460,"column":22}}},"49":{"name":"(anonymous_49)","line":1468,"loc":{"start":{"line":1468,"column":12},"end":{"line":1468,"column":23}}},"50":{"name":"(anonymous_50)","line":1534,"loc":{"start":{"line":1534,"column":8},"end":{"line":1534,"column":38}}},"51":{"name":"(anonymous_51)","line":1552,"loc":{"start":{"line":1552,"column":9},"end":{"line":1552,"column":33}}},"52":{"name":"(anonymous_52)","line":1588,"loc":{"start":{"line":1588,"column":10},"end":{"line":1588,"column":34}}},"53":{"name":"(anonymous_53)","line":1604,"loc":{"start":{"line":1604,"column":11},"end":{"line":1604,"column":36}}},"54":{"name":"(anonymous_54)","line":1611,"loc":{"start":{"line":1611,"column":21},"end":{"line":1611,"column":34}}},"55":{"name":"(anonymous_55)","line":1631,"loc":{"start":{"line":1631,"column":16},"end":{"line":1631,"column":27}}},"56":{"name":"(anonymous_56)","line":1638,"loc":{"start":{"line":1638,"column":30},"end":{"line":1638,"column":41}}},"57":{"name":"(anonymous_57)","line":1654,"loc":{"start":{"line":1654,"column":12},"end":{"line":1654,"column":28}}},"58":{"name":"(anonymous_58)","line":1708,"loc":{"start":{"line":1708,"column":17},"end":{"line":1708,"column":30}}},"59":{"name":"(anonymous_59)","line":1724,"loc":{"start":{"line":1724,"column":16},"end":{"line":1724,"column":29}}},"60":{"name":"(anonymous_60)","line":1741,"loc":{"start":{"line":1741,"column":20},"end":{"line":1741,"column":31}}},"61":{"name":"(anonymous_61)","line":1760,"loc":{"start":{"line":1760,"column":12},"end":{"line":1760,"column":23}}},"62":{"name":"(anonymous_62)","line":1802,"loc":{"start":{"line":1802,"column":18},"end":{"line":1802,"column":31}}},"63":{"name":"(anonymous_63)","line":1822,"loc":{"start":{"line":1822,"column":20},"end":{"line":1822,"column":36}}},"64":{"name":"(anonymous_64)","line":1852,"loc":{"start":{"line":1852,"column":18},"end":{"line":1852,"column":33}}},"65":{"name":"(anonymous_65)","line":1873,"loc":{"start":{"line":1873,"column":14},"end":{"line":1873,"column":29}}},"66":{"name":"(anonymous_66)","line":1882,"loc":{"start":{"line":1882,"column":10},"end":{"line":1882,"column":21}}},"67":{"name":"(anonymous_67)","line":1913,"loc":{"start":{"line":1913,"column":12},"end":{"line":1913,"column":23}}},"68":{"name":"(anonymous_68)","line":1951,"loc":{"start":{"line":1951,"column":11},"end":{"line":1951,"column":22}}},"69":{"name":"(anonymous_69)","line":1976,"loc":{"start":{"line":1976,"column":20},"end":{"line":1976,"column":31}}},"70":{"name":"(anonymous_70)","line":1989,"loc":{"start":{"line":1989,"column":19},"end":{"line":1989,"column":30}}},"71":{"name":"(anonymous_71)","line":2021,"loc":{"start":{"line":2021,"column":19},"end":{"line":2021,"column":34}}},"72":{"name":"(anonymous_72)","line":2049,"loc":{"start":{"line":2049,"column":19},"end":{"line":2049,"column":30}}},"73":{"name":"(anonymous_73)","line":2059,"loc":{"start":{"line":2059,"column":20},"end":{"line":2059,"column":31}}},"74":{"name":"(anonymous_74)","line":2077,"loc":{"start":{"line":2077,"column":20},"end":{"line":2077,"column":34}}},"75":{"name":"(anonymous_75)","line":2090,"loc":{"start":{"line":2090,"column":24},"end":{"line":2090,"column":52}}},"76":{"name":"(anonymous_76)","line":2092,"loc":{"start":{"line":2092,"column":44},"end":{"line":2092,"column":61}}},"77":{"name":"(anonymous_77)","line":2097,"loc":{"start":{"line":2097,"column":7},"end":{"line":2097,"column":18}}},"78":{"name":"(anonymous_78)","line":2107,"loc":{"start":{"line":2107,"column":18},"end":{"line":2107,"column":41}}},"79":{"name":"(anonymous_79)","line":2129,"loc":{"start":{"line":2129,"column":26},"end":{"line":2129,"column":37}}},"80":{"name":"(anonymous_80)","line":2168,"loc":{"start":{"line":2168,"column":15},"end":{"line":2168,"column":26}}},"81":{"name":"(anonymous_81)","line":2209,"loc":{"start":{"line":2209,"column":1},"end":{"line":2209,"column":12}}},"82":{"name":"(anonymous_82)","line":2226,"loc":{"start":{"line":2226,"column":34},"end":{"line":2226,"column":48}}},"83":{"name":"(anonymous_83)","line":2250,"loc":{"start":{"line":2250,"column":31},"end":{"line":2250,"column":49}}},"84":{"name":"(anonymous_84)","line":2286,"loc":{"start":{"line":2286,"column":39},"end":{"line":2286,"column":72}}},"85":{"name":"(anonymous_85)","line":2320,"loc":{"start":{"line":2320,"column":25},"end":{"line":2320,"column":42}}},"86":{"name":"(anonymous_86)","line":2321,"loc":{"start":{"line":2321,"column":11},"end":{"line":2321,"column":23}}},"87":{"name":"(anonymous_87)","line":2355,"loc":{"start":{"line":2355,"column":26},"end":{"line":2355,"column":44}}},"88":{"name":"(anonymous_88)","line":2367,"loc":{"start":{"line":2367,"column":16},"end":{"line":2367,"column":27}}},"89":{"name":"(anonymous_89)","line":2437,"loc":{"start":{"line":2437,"column":23},"end":{"line":2437,"column":45}}},"90":{"name":"(anonymous_90)","line":2449,"loc":{"start":{"line":2449,"column":16},"end":{"line":2449,"column":27}}},"91":{"name":"(anonymous_91)","line":2510,"loc":{"start":{"line":2510,"column":31},"end":{"line":2510,"column":53}}},"92":{"name":"(anonymous_92)","line":2522,"loc":{"start":{"line":2522,"column":16},"end":{"line":2522,"column":27}}},"93":{"name":"(anonymous_93)","line":2602,"loc":{"start":{"line":2602,"column":30},"end":{"line":2602,"column":41}}},"94":{"name":"(anonymous_94)","line":2696,"loc":{"start":{"line":2696,"column":26},"end":{"line":2696,"column":43}}},"95":{"name":"(anonymous_95)","line":2697,"loc":{"start":{"line":2697,"column":11},"end":{"line":2697,"column":22}}},"96":{"name":"(anonymous_96)","line":2724,"loc":{"start":{"line":2724,"column":27},"end":{"line":2724,"column":44}}},"97":{"name":"(anonymous_97)","line":2725,"loc":{"start":{"line":2725,"column":11},"end":{"line":2725,"column":22}}},"98":{"name":"(anonymous_98)","line":2747,"loc":{"start":{"line":2747,"column":20},"end":{"line":2747,"column":42}}}},"statementMap":{"1":{"start":{"line":11,"column":0},"end":{"line":2194,"column":5}},"2":{"start":{"line":22,"column":2},"end":{"line":24,"column":4}},"3":{"start":{"line":23,"column":4},"end":{"line":23,"column":16}},"4":{"start":{"line":25,"column":2},"end":{"line":420,"column":4}},"5":{"start":{"line":31,"column":6},"end":{"line":31,"column":32}},"6":{"start":{"line":34,"column":6},"end":{"line":34,"column":24}},"7":{"start":{"line":37,"column":6},"end":{"line":37,"column":24}},"8":{"start":{"line":38,"column":6},"end":{"line":38,"column":23}},"9":{"start":{"line":39,"column":6},"end":{"line":39,"column":26}},"10":{"start":{"line":40,"column":6},"end":{"line":40,"column":23}},"11":{"start":{"line":41,"column":6},"end":{"line":41,"column":44}},"12":{"start":{"line":42,"column":6},"end":{"line":42,"column":102}},"13":{"start":{"line":45,"column":6},"end":{"line":45,"column":29}},"14":{"start":{"line":46,"column":6},"end":{"line":46,"column":27}},"15":{"start":{"line":47,"column":6},"end":{"line":47,"column":32}},"16":{"start":{"line":48,"column":6},"end":{"line":48,"column":30}},"17":{"start":{"line":49,"column":6},"end":{"line":49,"column":22}},"18":{"start":{"line":52,"column":6},"end":{"line":52,"column":35}},"19":{"start":{"line":55,"column":6},"end":{"line":55,"column":20}},"20":{"start":{"line":57,"column":6},"end":{"line":57,"column":18}},"21":{"start":{"line":66,"column":6},"end":{"line":66,"column":32}},"22":{"start":{"line":67,"column":6},"end":{"line":67,"column":28}},"23":{"start":{"line":70,"column":6},"end":{"line":72,"column":7}},"24":{"start":{"line":71,"column":8},"end":{"line":71,"column":28}},"25":{"start":{"line":74,"column":6},"end":{"line":105,"column":7}},"26":{"start":{"line":75,"column":8},"end":{"line":75,"column":27}},"27":{"start":{"line":78,"column":8},"end":{"line":80,"column":9}},"28":{"start":{"line":79,"column":10},"end":{"line":79,"column":22}},"29":{"start":{"line":83,"column":8},"end":{"line":85,"column":9}},"30":{"start":{"line":84,"column":10},"end":{"line":84,"column":43}},"31":{"start":{"line":88,"column":8},"end":{"line":102,"column":9}},"32":{"start":{"line":89,"column":10},"end":{"line":101,"column":11}},"33":{"start":{"line":91,"column":12},"end":{"line":91,"column":52}},"34":{"start":{"line":94,"column":12},"end":{"line":100,"column":13}},"35":{"start":{"line":95,"column":14},"end":{"line":95,"column":60}},"36":{"start":{"line":97,"column":14},"end":{"line":99,"column":15}},"37":{"start":{"line":98,"column":16},"end":{"line":98,"column":57}},"38":{"start":{"line":104,"column":8},"end":{"line":104,"column":20}},"39":{"start":{"line":107,"column":6},"end":{"line":107,"column":26}},"40":{"start":{"line":115,"column":6},"end":{"line":115,"column":32}},"41":{"start":{"line":118,"column":6},"end":{"line":120,"column":7}},"42":{"start":{"line":119,"column":8},"end":{"line":119,"column":28}},"43":{"start":{"line":122,"column":6},"end":{"line":122,"column":26}},"44":{"start":{"line":125,"column":6},"end":{"line":127,"column":7}},"45":{"start":{"line":126,"column":8},"end":{"line":126,"column":62}},"46":{"start":{"line":130,"column":6},"end":{"line":144,"column":7}},"47":{"start":{"line":131,"column":8},"end":{"line":143,"column":9}},"48":{"start":{"line":133,"column":10},"end":{"line":133,"column":50}},"49":{"start":{"line":136,"column":10},"end":{"line":142,"column":11}},"50":{"start":{"line":137,"column":12},"end":{"line":137,"column":58}},"51":{"start":{"line":139,"column":12},"end":{"line":141,"column":13}},"52":{"start":{"line":140,"column":14},"end":{"line":140,"column":64}},"53":{"start":{"line":146,"column":6},"
[...]
 or[4] : yUp;","    zUp = (typeof zUp !== 'number') ? or[5] : zUp;","","    if (typeof x === 'number') {","      self._orientation = [x, y, z, xUp, yUp, zUp];","      self.ctx.listener.setOrientation(x, y, z, xUp, yUp, zUp);","    } else {","      return or;","    }","","    return self;","  };","","  /** Group Methods **/","  /***************************************************************************/","","  /**","   * Add new properties to the core init.","   * @param  {Function} _super Core init method.","   * @return {Howl}","   */","  Howl.prototype.init = (function(_super) {","    return function(o) {","      var self = this;","","      // Setup user-defined default properties.","      self._orientation = o.orientation || [1, 0, 0];","      self._stereo = o.stereo || null;","      self._pos = o.pos || null;","      self._pannerAttr = {","        coneInnerAngle: typeof o.coneInnerAngle !== 'undefined' ? o.coneInnerAngle : 360,","        coneOuterAngle: typeof o.coneOuterAngle !== 'undefined' ? o.coneOuterAngle : 360,","        coneOuterGain: typeof o.coneOuterGain !== 'undefined' ? o.coneOuterGain : 0,","        distanceModel: typeof o.distanceModel !== 'undefined' ? o.distanceModel : 'inverse',","        maxDistance: typeof o.maxDistance !== 'undefined' ? o.maxDistance : 10000,","        panningModel: typeof o.panningModel !== 'undefined' ? o.panningModel : 'HRTF',","        refDistance: typeof o.refDistance !== 'undefined' ? o.refDistance : 1,","        rolloffFactor: typeof o.rolloffFactor !== 'undefined' ? o.rolloffFactor : 1","      };","","      // Setup event listeners.","      self._onstereo = o.onstereo ? [{fn: o.onstereo}] : [];","      self._onpos = o.onpos ? [{fn: o.onpos}] : [];","      self._onorientation = o.onorientation ? [{fn: o.onorientation}] : [];","","      // Complete initilization with howler.js core's init function.","      return _super.call(this, o);","    };","  })(Howl.prototype.init);","","  /**","   * Get/set the stereo panning of the audio source for this sound or all in the group.","   * @param  {Number} pan  A value of -1.0 is all the way left and 1.0 is all the way right.","   * @param  {Number} id (optional) The sound ID. If none is passed, all in group will be updated.","   * @return {Howl/Number}    Returns self or the current stereo panning value.","   */","  Howl.prototype.stereo = function(pan, id) {","    var self = this;","","    // Stop right here if not using Web Audio.","    if (!self._webAudio) {","      return self;","    }","","    // If the sound hasn't loaded, add it to the load queue to change stereo pan when capable.","    if (self._state !== 'loaded') {","      self._queue.push({","        event: 'stereo',","        action: function() {","          self.stereo(pan, id);","        }","      });","","      return self;","    }","","    // Check for PannerStereoNode support and fallback to PannerNode if it doesn't exist.","    var pannerType = (typeof Howler.ctx.createStereoPanner === 'undefined') ? 'spatial' : 'stereo';","","    // Setup the group's stereo panning if no ID is passed.","    if (typeof id === 'undefined') {","      // Return the group's stereo panning if no parameters are passed.","      if (typeof pan === 'number') {","        self._stereo = pan;","        self._pos = [pan, 0, 0];","      } else {","        return self._stereo;","      }","    }","","    // Change the streo panning of one or all sounds in group.","    var ids = self._getSoundIds(id);","    for (var i=0; i<ids.length; i++) {","      // Get the sound.","      var sound = self._soundById(ids[i]);","","      if (sound) {","        if (typeof pan === 'number') {","          sound._stereo = pan;","          sound._pos = [pan, 0, 0];","","          if (sound._node) {","            // If we are falling back, make sure the panningModel is equalpower.","            sound._pannerAttr.panningModel = 'equalpower';","","            // Check if there is a panner setup and create a new one if not.","            if (!sound._panner || !sound._panner.pan) {","              setupPanner(sound, pannerType);","            }","","            if (pannerType === 'spatial') {","              sound._panner.setPosition(pan, 0, 0);","            } else {","              sound._panner.pan.value = pan;","            }","          }","","          self._emit('stereo', sound._id);","        } else {","          return sound._stereo;","        }","      }","    }","","    return self;","  };","","  /**","   * Get/set the 3D spatial position of the audio source for this sound or","   * all in the group. The most common usage is to set the 'x' position for","   * left/right panning. Setting any value higher than 1.0 will begin to","   * decrease the volume of the sound as it moves further away.","   * @param  {Number} x  The x-position of the audio from -1000.0 to 1000.0.","   * @param  {Number} y  The y-position of the audio from -1000.0 to 1000.0.","   * @param  {Number} z  The z-position of the audio from -1000.0 to 1000.0.","   * @param  {Number} id (optional) The sound ID. If none is passed, all in group will be updated.","   * @return {Howl/Array}    Returns self or the current 3D spatial position: [x, y, z].","   */","  Howl.prototype.pos = function(x, y, z, id) {","    var self = this;","","    // Stop right here if not using Web Audio.","    if (!self._webAudio) {","      return self;","    }","","    // If the sound hasn't loaded, add it to the load queue to change position when capable.","    if (self._state !== 'loaded') {","      self._queue.push({","        event: 'pos',","        action: function() {","          self.pos(x, y, z, id);","        }","      });","","      return self;","    }","","    // Set the defaults for optional 'y' & 'z'.","    y = (typeof y !== 'number') ? 0 : y;","    z = (typeof z !== 'number') ? -0.5 : z;","","    // Setup the group's spatial position if no ID is passed.","    if (typeof id === 'undefined') {","      // Return the group's spatial position if no parameters are passed.","      if (typeof x === 'number') {","        self._pos = [x, y, z];","      } else {","        return self._pos;","      }","    }","","    // Change the spatial position of one or all sounds in group.","    var ids = self._getSoundIds(id);","    for (var i=0; i<ids.length; i++) {","      // Get the sound.","      var sound = self._soundById(ids[i]);","","      if (sound) {","        if (typeof x === 'number') {","          sound._pos = [x, y, z];","","          if (sound._node) {","            // Check if there is a panner setup and create a new one if not.","            if (!sound._panner || sound._panner.pan) {","              setupPanner(sound, 'spatial');","            }","","            sound._panner.setPosition(x, y, z);","          }","","          self._emit('pos', sound._id);","        } else {","          return sound._pos;","        }","      }","    }","","    return self;","  };","","  /**","   * Get/set the direction the audio source is pointing in the 3D cartesian coordinate","   * space. Depending on how direction the sound is, based on the `cone` attributes,","   * a sound pointing away from the listener can be quiet or silent.","   * @param  {Number} x  The x-orientation of the source.","   * @param  {Number} y  The y-orientation of the source.","   * @param  {Number} z  The z-orientation of the source.","   * @param  {Number} id (optional) The sound ID. If none is passed, all in group will be updated.","   * @return {Howl/Array}    Returns self or the current 3D spatial orientation: [x, y, z].","   */","  Howl.prototype.orientation = function(x, y, z, id) {","    var self = this;","","    // Stop right here if not using Web Audio.","    if (!self._webAudio) {","      return self;","    }","","    // If the sound hasn't loaded, add it to the load queue to change orientation when capable.","    if (self._state !== 'loaded') {","      self._queue.push({","        event: 'orientation',","        action: function() {","          self.orientation(x, y, z, id);","        }","      });","","      return self;","    }","","    // Set the defaults for optional 'y' & 'z'.","    y = (typeof y !== 'number') ? self._orientation[1] : y;","    z = (typeof z !== 'number') ? self._orientation[2] : z;","","    // Setup the group's spatial orientation if no ID is passed.","    if (typeof id === 'undefined') {","      // Return the group's spatial orientation if no parameters are passed.","      if (typeof x === 'number') {","        self._orientation = [x, y, z];","      } else {","        return self._orientation;","      }","    }","","    // Change the spatial orientation of one or all sounds in group.","    var ids = self._getSoundIds(id);","    for (var i=0; i<ids.length; i++) {","      // Get the sound.","      var sound = self._soundById(ids[i]);","","      if (sound) {","        if (typeof x === 'number') {","          sound._orientation = [x, y, z];","","          if (sound._node) {","            // Check if there is a panner setup and create a new one if not.","            if (!sound._panner) {","              // Make sure we have a position to setup the node with.","              if (!sound._pos) {","                sound._pos = self._pos || [0, 0, -0.5];","              }","","              setupPanner(sound, 'spatial');","            }","","            sound._panner.setOrientation(x, y, z);","          }","","          self._emit('orientation', sound._id);","        } else {","          return sound._orientation;","        }","      }","    }","","    return self;","  };","","  /**","   * Get/set the panner node's attributes for a sound or group of sounds.","   * This method can optionall take 0, 1 or 2 arguments.","   *   pannerAttr() -> Returns the group's values.","   *   pannerAttr(id) -> Returns the sound id's values.","   *   pannerAttr(o) -> Set's the values of all sounds in this Howl group.","   *   pannerAttr(o, id) -> Set's the values of passed sound id.","   *","   *   Attributes:","   *     coneInnerAngle - (360 by default) There will be no volume reduction inside this angle.","   *     coneOuterAngle - (360 by default) The volume will be reduced to a constant value of","   *                      `coneOuterGain` outside this angle.","   *     coneOuterGain - (0 by default) The amount of volume reduction outside of `coneOuterAngle`.","   *     distanceModel - ('inverse' by default) Determines algorithm to use to reduce volume as audio moves","   *                      away from listener. Can be `linear`, `inverse` or `exponential`.","   *     maxDistance - (10000 by default) Volume won't reduce between source/listener beyond this distance.","   *     panningModel - ('HRTF' by default) Determines which spatialization algorithm is used to position audio.","   *                     Can be `HRTF` or `equalpower`.","   *     refDistance - (1 by default) A reference distance for reducing volume as the source","   *                    moves away from the listener.","   *     rolloffFactor - (1 by default) How quickly the volume reduces as source moves from listener.","   * ","   * @return {Howl/Object} Returns self or current panner attributes.","   */","  Howl.prototype.pannerAttr = function() {","    var self = this;","    var args = arguments;","    var o, id, sound;","","    // Stop right here if not using Web Audio.","    if (!self._webAudio) {","      return self;","    }","","    // Determine the values based on arguments.","    if (args.length === 0) {","      // Return the group's panner attribute values.","      return self._pannerAttr;","    } else if (args.length === 1) {","      if (typeof args[0] === 'object') {","        o = args[0];","","        // Set the grou's panner attribute values.","        if (typeof id === 'undefined') {","          self._pannerAttr = {","            coneInnerAngle: typeof o.coneInnerAngle !== 'undefined' ? o.coneInnerAngle : self._coneInnerAngle,","            coneOuterAngle: typeof o.coneOuterAngle !== 'undefined' ? o.coneOuterAngle : self._coneOuterAngle,","            coneOuterGain: typeof o.coneOuterGain !== 'undefined' ? o.coneOuterGain : self._coneOuterGain,","            distanceModel: typeof o.distanceModel !== 'undefined' ? o.distanceModel : self._distanceModel,","            maxDistance: typeof o.maxDistance !== 'undefined' ? o.maxDistance : self._maxDistance,","            panningModel: typeof o.panningModel !== 'undefined' ? o.panningModel : self._panningModel,","            refDistance: typeof o.refDistance !== 'undefined' ? o.refDistance : self._refDistance,","            rolloffFactor: typeof o.rolloffFactor !== 'undefined' ? o.rolloffFactor : self._rolloffFactor","          };","        }","      } else {","        // Return this sound's panner attribute values.","        sound = self._soundById(parseInt(args[0], 10));","        return sound ? sound._pannerAttr : self._pannerAttr;","      }","    } else if (args.length === 2) {","      o = args[0];","      id = parseInt(args[1], 10);","    }","","    // Update the values of the specified sounds.","    var ids = self._getSoundIds(id);","    for (var i=0; i<ids.length; i++) {","      sound = self._soundById(ids[i]);","","      if (sound) {","        // Merge the new values into the sound.","        var pa = sound._pannerAttr;","        pa = {","          coneInnerAngle: typeof o.coneInnerAngle !== 'undefined' ? o.coneInnerAngle : pa.coneInnerAngle,","          coneOuterAngle: typeof o.coneOuterAngle !== 'undefined' ? o.coneOuterAngle : pa.coneOuterAngle,","          coneOuterGain: typeof o.coneOuterGain !== 'undefined' ? o.coneOuterGain : pa.coneOuterGain,","          distanceModel: typeof o.distanceModel !== 'undefined' ? o.distanceModel : pa.distanceModel,","          maxDistance: typeof o.maxDistance !== 'undefined' ? o.maxDistance : pa.maxDistance,","          panningModel: typeof o.panningModel !== 'undefined' ? o.panningModel : pa.panningModel,","          refDistance: typeof o.refDistance !== 'undefined' ? o.refDistance : pa.refDistance,","          rolloffFactor: typeof o.rolloffFactor !== 'undefined' ? o.rolloffFactor : pa.rolloffFactor","        };","","        // Update the panner values or create a new panner if none exists.","        var panner = sound._panner;","        if (panner) {","          panner.coneInnerAngle = pa.coneInnerAngle;","          panner.coneOuterAngle = pa.coneOuterAngle;","          panner.coneOuterGain = pa.coneOuterGain;","          panner.distanceModel = pa.distanceModel;","          panner.maxDistance = pa.maxDistance;","          panner.panningModel = pa.panningModel;","          panner.refDistance = pa.refDistance;","          panner.rolloffFactor = pa.rolloffFactor;","        } else {","          // Make sure we have a position to setup the node with.","          if (!sound._pos) {","            sound._pos = self._pos || [0, 0, -0.5];","          }","","          // Create a new panner node.","          setupPanner(sound, 'spatial');","        }","      }","    }","","    return self;","  };","","  /** Single Sound Methods **/","  /***************************************************************************/","","  /**","   * Add new properties to the core Sound init.","   * @param  {Function} _super Core Sound init method.","   * @return {Sound}","   */","  Sound.prototype.init = (function(_super) {","    return function() {","      var self = this;","      var parent = self._parent;","","      // Setup user-defined default properties.","      self._orientation = parent._orientation;","      self._stereo = parent._stereo;","      self._pos = parent._pos;","      self._pannerAttr = parent._pannerAttr;","","      // Complete initilization with howler.js core Sound's init function.","      _super.call(this);","","      // If a stereo or position was specified, set it up.","      if (self._stereo) {","        parent.stereo(self._stereo);","      } else if (self._pos) {","        parent.pos(self._pos[0], self._pos[1], self._pos[2], self._id);","      }","    };","  })(Sound.prototype.init);","","  /**","   * Override the Sound.reset method to clean up properties from the spatial plugin.","   * @param  {Function} _super Sound reset method.","   * @return {Sound}","   */","  Sound.prototype.reset = (function(_super) {","    return function() {","      var self = this;","      var parent = self._parent;","","      // Reset all spatial plugin properties on this sound.","      self._orientation = parent._orientation;","      self._pos = parent._pos;","      self._pannerAttr = parent._pannerAttr;","","      // Complete resetting of the sound.","      return _super.call(this);","    };","  })(Sound.prototype.reset);","","  /** Helper Methods **/","  /***************************************************************************/","","  /**","   * Create a new panner node and save it on the sound.","   * @param  {Sound} sound Specific sound to setup panning on.","   * @param {String} type Type of panner to create: 'stereo' or 'spatial'.","   */","  var setupPanner = function(sound, type) {","    type = type || 'spatial';","","    // Create the new panner node.","    if (type === 'spatial') {","      sound._panner = Howler.ctx.createPanner();","      sound._panner.coneInnerAngle = sound._pannerAttr.coneInnerAngle;","      sound._panner.coneOuterAngle = sound._pannerAttr.coneOuterAngle;","      sound._panner.coneOuterGain = sound._pannerAttr.coneOuterGain;","      sound._panner.distanceModel = sound._pannerAttr.distanceModel;","      sound._panner.maxDistance = sound._pannerAttr.maxDistance;","      sound._panner.panningModel = sound._pannerAttr.panningModel;","      sound._panner.refDistance = sound._pannerAttr.refDistance;","      sound._panner.rolloffFactor = sound._pannerAttr.rolloffFactor;","      sound._panner.setPosition(sound._pos[0], sound._pos[1], sound._pos[2]);","      sound._panner.setOrientation(sound._orientation[0], sound._orientation[1], sound._orientation[2]);","    } else {","      sound._panner = Howler.ctx.createStereoPanner();","      sound._panner.pan.value = sound._stereo;","    }","","    sound._panner.connect(sound._node);","","    // Update the connections.","    if (!sound._paused) {","      sound._parent.pause(sound._id, true).play(sound._id);","    }","  };","})();",""],"l":{"13":1,"18":1,"19":1,"30":1,"31":0,"34":0,"35":0,"39":0,"40":0,"43":0,"54":1,"55":0,"58":0,"59":0,"63":0,"64":0,"66":0,"67":0,"68":0,"70":0,"73":0,"90":1,"91":0,"94":0,"95":0,"99":0,"100":0,"101":0,"102":0,"103":0,"104":0,"106":0,"107":0,"108":0,"110":0,"113":0,"124":1,"125":1,"126":0,"129":0,"130":0,"131":0,"132":0,"144":0,"145":0,"146":0,"149":0,"159":1,"160":0,"163":0,"164":0,"168":0,"169":0,"172":0,"176":0,"180":0,"183":0,"185":0,"186":0,"187":0,"189":0,"194":0,"195":0,"197":0,"199":0,"200":0,"201":0,"202":0,"204":0,"206":0,"209":0,"210":0,"213":0,"214":0,"216":0,"220":0,"222":0,"227":0,"241":1,"242":0,"245":0,"246":0,"250":0,"251":0,"254":0,"258":0,"262":0,"263":0,"266":0,"268":0,"269":0,"271":0,"276":0,"277":0,"279":0,"281":0,"282":0,"283":0,"285":0,"287":0,"288":0,"291":0,"294":0,"296":0,"301":0,"314":1,"315":0,"318":0,"319":0,"323":0,"324":0,"327":0,"331":0,"335":0,"336":0,"339":0,"341":0,"342":0,"344":0,"349":0,"350":0,"352":0,"354":0,"355":0,"356":0,"358":0,"360":0,"362":0,"363":0,"366":0,"369":0,"372":0,"374":0,"379":0,"406":1,"407":0,"408":0,"409":0,"412":0,"413":0,"417":0,"419":0,"420":0,"421":0,"422":0,"425":0,"426":0,"439":0,"440":0,"442":0,"443":0,"444":0,"448":0,"449":0,"450":0,"452":0,"454":0,"455":0,"467":0,"468":0,"469":0,"470":0,"471":0,"472":0,"473":0,"474":0,"475":0,"476":0,"479":0,"480":0,"484":0,"489":0,"500":1,"501":1,"502":0,"503":0,"506":0,"507":0,"508":0,"509":0,"512":0,"515":0,"516":0,"517":0,"518":0,"528":1,"529":1,"530":0,"531":0,"534":0,"535":0,"536":0,"539":0,"551":1,"552":0,"555":0,"556":0,"557":0,"558":0,"559":0,"560":0,"561":0,"562":0,"563":0,"564":0,"565":0,"566":0,"568":0,"569":0,"572":0,"575":0,"576":0}}}